#
# There is insufficient memory for the Java Runtime Environment to continue.
# Native memory allocation (mmap) failed to map 65536 bytes for Failed to commit metaspace.
# Possible reasons:
#   The system is out of physical RAM or swap space
#   The process is running with CompressedOops enabled, and the Java Heap may be blocking the growth of the native heap
# Possible solutions:
#   Reduce memory load on the system
#   Increase physical memory or swap space
#   Check if swap backing store is full
#   Decrease Java heap size (-Xmx/-Xms)
#   Decrease number of Java threads
#   Decrease Java thread stack sizes (-Xss)
#   Set larger code cache with -XX:ReservedCodeCacheSize=
#   JVM is running with Zero Based Compressed Oops mode in which the Java heap is
#     placed in the first 32GB address space. The Java Heap base address is the
#     maximum limit for the native heap growth. Please use -XX:HeapBaseMinAddress
#     to set the Java Heap base and to place the Java Heap above 32GB virtual address.
# This output file may be truncated or incomplete.
#
#  Out of Memory Error (virtualSpaceNode.cpp:110), pid=21916, tid=716
#
# JRE version: Java(TM) SE Runtime Environment (20.0.1+9) (build 20.0.1+9-29)
# Java VM: Java HotSpot(TM) 64-Bit Server VM (20.0.1+9-29, mixed mode, sharing, tiered, compressed oops, compressed class ptrs, g1 gc, windows-amd64)
# No core dump will be written. Minidumps are not enabled by default on client versions of Windows
#

---------------  S U M M A R Y ------------

Command Line: -Dfile.encoding=UTF-8 travel.management.system.BookPackage

Host: Intel(R) Core(TM) i5-8265U CPU @ 1.60GHz, 8 cores, 11G,  Windows 10 , 64 bit Build 19041 (10.0.19041.2913)
Time: Thu Jun  8 14:35:57 2023 Bangladesh Standard Time elapsed time: 0.111102 seconds (0d 0h 0m 0s)

---------------  T H R E A D  ---------------

Current thread (0x0000020bc07f7030):  JavaThread "main" [_thread_in_vm, id=716, stack(0x000000f6b3c00000,0x000000f6b3d00000)]

Stack: [0x000000f6b3c00000,0x000000f6b3d00000]
Native frames: (J=compiled Java code, j=interpreted, Vv=VM code, C=native code)
V  [jvm.dll+0x6bb95a]
V  [jvm.dll+0x8485fa]
V  [jvm.dll+0x84a1f5]
V  [jvm.dll+0x84a8f3]
V  [jvm.dll+0x280b0f]
V  [jvm.dll+0x84453b]
V  [jvm.dll+0x65fd86]
V  [jvm.dll+0x65fdea]
V  [jvm.dll+0x6626c3]
V  [jvm.dll+0x66258e]
V  [jvm.dll+0x66079e]
V  [jvm.dll+0x27df7c]
V  [jvm.dll+0x7107ed]
V  [jvm.dll+0x7112ef]
V  [jvm.dll+0x3c8207]
V  [jvm.dll+0x3c72a7]
V  [jvm.dll+0x3c7248]
V  [jvm.dll+0x5c1d39]
V  [jvm.dll+0x5c0c14]
V  [jvm.dll+0x3dc020]
V  [jvm.dll+0x3db65f]
C  0x0000020bd162e780

Java frames: (J=compiled Java code, j=interpreted, Vv=VM code)
j  travel.management.system.BookPackage.main([Ljava/lang/String;)V+7
v  ~StubRoutines::call_stub 0x0000020bd160100d

---------------  P R O C E S S  ---------------

Threads class SMR info:
_java_thread_list=0x0000020be49a5ba0, length=11, elements={
0x0000020bc07f7030, 0x0000020be06f3de0, 0x0000020be06f4be0, 0x0000020be06f5c60,
0x0000020be06f8bc0, 0x0000020be06fb510, 0x0000020be06fde60, 0x0000020be0701560,
0x0000020be0716650, 0x0000020be49d7500, 0x0000020be49dd900
}

Java Threads: ( => current thread )
=>0x0000020bc07f7030 JavaThread "main" [_thread_in_vm, id=716, stack(0x000000f6b3c00000,0x000000f6b3d00000)]
  0x0000020be06f3de0 JavaThread "Reference Handler" daemon [_thread_blocked, id=27772, stack(0x000000f6b4300000,0x000000f6b4400000)]
  0x0000020be06f4be0 JavaThread "Finalizer" daemon [_thread_blocked, id=10564, stack(0x000000f6b4400000,0x000000f6b4500000)]
  0x0000020be06f5c60 JavaThread "Signal Dispatcher" daemon [_thread_blocked, id=24444, stack(0x000000f6b4500000,0x000000f6b4600000)]
  0x0000020be06f8bc0 JavaThread "Attach Listener" daemon [_thread_blocked, id=21304, stack(0x000000f6b4600000,0x000000f6b4700000)]
  0x0000020be06fb510 JavaThread "Service Thread" daemon [_thread_blocked, id=4968, stack(0x000000f6b4700000,0x000000f6b4800000)]
  0x0000020be06fde60 JavaThread "Monitor Deflation Thread" daemon [_thread_blocked, id=28904, stack(0x000000f6b4800000,0x000000f6b4900000)]
  0x0000020be0701560 JavaThread "C2 CompilerThread0" daemon [_thread_blocked, id=28588, stack(0x000000f6b4900000,0x000000f6b4a00000)]
  0x0000020be0716650 JavaThread "C1 CompilerThread0" daemon [_thread_blocked, id=14156, stack(0x000000f6b4a00000,0x000000f6b4b00000)]
  0x0000020be49d7500 JavaThread "Notification Thread" daemon [_thread_blocked, id=15180, stack(0x000000f6b4b00000,0x000000f6b4c00000)]
  0x0000020be49dd900 JavaThread "Common-Cleaner" daemon [_thread_blocked, id=29260, stack(0x000000f6b4d00000,0x000000f6b4e00000)]

Other Threads:
  0x0000020be06d27d0 VMThread "VM Thread" [stack: 0x000000f6b4200000,0x000000f6b4300000] [id=7108] _threads_hazard_ptr=0x0000020be49a5ba0
  0x0000020be49db080 WatcherThread "VM Periodic Task Thread" [stack: 0x000000f6b4c00000,0x000000f6b4d00000] [id=28480]
  0x0000020bc0856910 WorkerThread "GC Thread#0" [stack: 0x000000f6b3d00000,0x000000f6b3e00000] [id=29304]
  0x0000020bc08635e0 ConcurrentGCThread "G1 Main Marker" [stack: 0x000000f6b3e00000,0x000000f6b3f00000] [id=26964]
  0x0000020bc08641b0 WorkerThread "G1 Conc#0" [stack: 0x000000f6b3f00000,0x000000f6b4000000] [id=10212]
  0x0000020bc08ce130 ConcurrentGCThread "G1 Refine#0" [stack: 0x000000f6b4000000,0x000000f6b4100000] [id=15876]
  0x0000020bc08cebd0 ConcurrentGCThread "G1 Service" [stack: 0x000000f6b4100000,0x000000f6b4200000] [id=21960]

Threads with active compile tasks:

VM state: synchronizing (normal execution)

VM Mutex/Monitor currently owned by a thread:  ([mutex/lock_event])
[0x0000020bc07efae0] Metaspace_lock - owner thread: 0x0000020bc07f7030
[0x0000020bc07f2590] Threads_lock - owner thread: 0x0000020be06d27d0

Heap address: 0x0000000742400000, size: 3036 MB, Compressed Oops mode: Zero based, Oop shift amount: 3

CDS archive(s) mapped at: [0x0000000800000000-0x0000000800c60000-0x0000000800c60000), size 12976128, SharedBaseAddress: 0x0000000800000000, ArchiveRelocationMode: 0.
Compressed class space mapped at: 0x0000000801000000-0x0000000841000000, reserved size: 1073741824
Narrow klass base: 0x0000000800000000, Narrow klass shift: 0, Narrow klass range: 0x100000000

GC Precious Log:
 CardTable entry size: 512
 Card Set container configuration: InlinePtr #cards 4 size 8 Array Of Cards #cards 16 size 48 Howl #buckets 8 coarsen threshold 3686 Howl Bitmap #cards 512 size 80 coarsen threshold 460 Card regions per heap region 1 cards per card region 4096
 CPUs: 8 total, 8 available
 Memory: 12139M
 Large Page Support: Disabled
 NUMA Support: Disabled
 Compressed Oops: Enabled (Zero based)
 Heap Region Size: 2M
 Heap Min Capacity: 8M
 Heap Initial Capacity: 190M
 Heap Max Capacity: 3036M
 Pre-touch: Disabled
 Parallel Workers: 8
 Concurrent Workers: 2
 Concurrent Refinement Workers: 8
 Periodic GC: Disabled

Heap:
 garbage-first heap   total 194560K, used 2048K [0x0000000742400000, 0x0000000800000000)
  region size 2048K, 2 young (4096K), 0 survivors (0K)
 Metaspace       used 1531K, committed 1664K, reserved 1114112K
  class space    used 141K, committed 192K, reserved 1048576K

Heap Regions: E=young(eden), S=young(survivor), O=old, HS=humongous(starts), HC=humongous(continues), CS=collection set, F=free, OA=open archive, CA=closed archive, TAMS=top-at-mark-start, PB=parsable bottom
|   0|0x0000000742400000, 0x0000000742400000, 0x0000000742600000|  0%| F|  |TAMS 0x0000000742400000| PB 0x0000000742400000| Untracked 
|   1|0x0000000742600000, 0x0000000742600000, 0x0000000742800000|  0%| F|  |TAMS 0x0000000742600000| PB 0x0000000742600000| Untracked 
|   2|0x0000000742800000, 0x0000000742800000, 0x0000000742a00000|  0%| F|  |TAMS 0x0000000742800000| PB 0x0000000742800000| Untracked 
|   3|0x0000000742a00000, 0x0000000742a00000, 0x0000000742c00000|  0%| F|  |TAMS 0x0000000742a00000| PB 0x0000000742a00000| Untracked 
|   4|0x0000000742c00000, 0x0000000742c00000, 0x0000000742e00000|  0%| F|  |TAMS 0x0000000742c00000| PB 0x0000000742c00000| Untracked 
|   5|0x0000000742e00000, 0x0000000742e00000, 0x0000000743000000|  0%| F|  |TAMS 0x0000000742e00000| PB 0x0000000742e00000| Untracked 
|   6|0x0000000743000000, 0x0000000743000000, 0x0000000743200000|  0%| F|  |TAMS 0x0000000743000000| PB 0x0000000743000000| Untracked 
|   7|0x0000000743200000, 0x0000000743200000, 0x0000000743400000|  0%| F|  |TAMS 0x0000000743200000| PB 0x0000000743200000| Untracked 
|   8|0x0000000743400000, 0x0000000743400000, 0x0000000743600000|  0%| F|  |TAMS 0x0000000743400000| PB 0x0000000743400000| Untracked 
|   9|0x0000000743600000, 0x0000000743600000, 0x0000000743800000|  0%| F|  |TAMS 0x0000000743600000| PB 0x0000000743600000| Untracked 
|  10|0x0000000743800000, 0x0000000743800000, 0x0000000743a00000|  0%| F|  |TAMS 0x0000000743800000| PB 0x0000000743800000| Untracked 
|  11|0x0000000743a00000, 0x0000000743a00000, 0x0000000743c00000|  0%| F|  |TAMS 0x0000000743a00000| PB 0x0000000743a00000| Untracked 
|  12|0x0000000743c00000, 0x0000000743c00000, 0x0000000743e00000|  0%| F|  |TAMS 0x0000000743c00000| PB 0x0000000743c00000| Untracked 
|  13|0x0000000743e00000, 0x0000000743e00000, 0x0000000744000000|  0%| F|  |TAMS 0x0000000743e00000| PB 0x0000000743e00000| Untracked 
|  14|0x0000000744000000, 0x0000000744000000, 0x0000000744200000|  0%| F|  |TAMS 0x0000000744000000| PB 0x0000000744000000| Untracked 
|  15|0x0000000744200000, 0x0000000744200000, 0x0000000744400000|  0%| F|  |TAMS 0x0000000744200000| PB 0x0000000744200000| Untracked 
|  16|0x0000000744400000, 0x0000000744400000, 0x0000000744600000|  0%| F|  |TAMS 0x0000000744400000| PB 0x0000000744400000| Untracked 
|  17|0x0000000744600000, 0x0000000744600000, 0x0000000744800000|  0%| F|  |TAMS 0x0000000744600000| PB 0x0000000744600000| Untracked 
|  18|0x0000000744800000, 0x0000000744800000, 0x0000000744a00000|  0%| F|  |TAMS 0x0000000744800000| PB 0x0000000744800000| Untracked 
|  19|0x0000000744a00000, 0x0000000744a00000, 0x0000000744c00000|  0%| F|  |TAMS 0x0000000744a00000| PB 0x0000000744a00000| Untracked 
|  20|0x0000000744c00000, 0x0000000744c00000, 0x0000000744e00000|  0%| F|  |TAMS 0x0000000744c00000| PB 0x0000000744c00000| Untracked 
|  21|0x0000000744e00000, 0x0000000744e00000, 0x0000000745000000|  0%| F|  |TAMS 0x0000000744e00000| PB 0x0000000744e00000| Untracked 
|  22|0x0000000745000000, 0x0000000745000000, 0x0000000745200000|  0%| F|  |TAMS 0x0000000745000000| PB 0x0000000745000000| Untracked 
|  23|0x0000000745200000, 0x0000000745200000, 0x0000000745400000|  0%| F|  |TAMS 0x0000000745200000| PB 0x0000000745200000| Untracked 
|  24|0x0000000745400000, 0x0000000745400000, 0x0000000745600000|  0%| F|  |TAMS 0x0000000745400000| PB 0x0000000745400000| Untracked 
|  25|0x0000000745600000, 0x0000000745600000, 0x0000000745800000|  0%| F|  |TAMS 0x0000000745600000| PB 0x0000000745600000| Untracked 
|  26|0x0000000745800000, 0x0000000745800000, 0x0000000745a00000|  0%| F|  |TAMS 0x0000000745800000| PB 0x0000000745800000| Untracked 
|  27|0x0000000745a00000, 0x0000000745a00000, 0x0000000745c00000|  0%| F|  |TAMS 0x0000000745a00000| PB 0x0000000745a00000| Untracked 
|  28|0x0000000745c00000, 0x0000000745c00000, 0x0000000745e00000|  0%| F|  |TAMS 0x0000000745c00000| PB 0x0000000745c00000| Untracked 
|  29|0x0000000745e00000, 0x0000000745e00000, 0x0000000746000000|  0%| F|  |TAMS 0x0000000745e00000| PB 0x0000000745e00000| Untracked 
|  30|0x0000000746000000, 0x0000000746000000, 0x0000000746200000|  0%| F|  |TAMS 0x0000000746000000| PB 0x0000000746000000| Untracked 
|  31|0x0000000746200000, 0x0000000746200000, 0x0000000746400000|  0%| F|  |TAMS 0x0000000746200000| PB 0x0000000746200000| Untracked 
|  32|0x0000000746400000, 0x0000000746400000, 0x0000000746600000|  0%| F|  |TAMS 0x0000000746400000| PB 0x0000000746400000| Untracked 
|  33|0x0000000746600000, 0x0000000746600000, 0x0000000746800000|  0%| F|  |TAMS 0x0000000746600000| PB 0x0000000746600000| Untracked 
|  34|0x0000000746800000, 0x0000000746800000, 0x0000000746a00000|  0%| F|  |TAMS 0x0000000746800000| PB 0x0000000746800000| Untracked 
|  35|0x0000000746a00000, 0x0000000746a00000, 0x0000000746c00000|  0%| F|  |TAMS 0x0000000746a00000| PB 0x0000000746a00000| Untracked 
|  36|0x0000000746c00000, 0x0000000746c00000, 0x0000000746e00000|  0%| F|  |TAMS 0x0000000746c00000| PB 0x0000000746c00000| Untracked 
|  37|0x0000000746e00000, 0x0000000746e00000, 0x0000000747000000|  0%| F|  |TAMS 0x0000000746e00000| PB 0x0000000746e00000| Untracked 
|  38|0x0000000747000000, 0x0000000747000000, 0x0000000747200000|  0%| F|  |TAMS 0x0000000747000000| PB 0x0000000747000000| Untracked 
|  39|0x0000000747200000, 0x0000000747200000, 0x0000000747400000|  0%| F|  |TAMS 0x0000000747200000| PB 0x0000000747200000| Untracked 
|  40|0x0000000747400000, 0x0000000747400000, 0x0000000747600000|  0%| F|  |TAMS 0x0000000747400000| PB 0x0000000747400000| Untracked 
|  41|0x0000000747600000, 0x0000000747600000, 0x0000000747800000|  0%| F|  |TAMS 0x0000000747600000| PB 0x0000000747600000| Untracked 
|  42|0x0000000747800000, 0x0000000747800000, 0x0000000747a00000|  0%| F|  |TAMS 0x0000000747800000| PB 0x0000000747800000| Untracked 
|  43|0x0000000747a00000, 0x0000000747a00000, 0x0000000747c00000|  0%| F|  |TAMS 0x0000000747a00000| PB 0x0000000747a00000| Untracked 
|  44|0x0000000747c00000, 0x0000000747c00000, 0x0000000747e00000|  0%| F|  |TAMS 0x0000000747c00000| PB 0x0000000747c00000| Untracked 
|  45|0x0000000747e00000, 0x0000000747e00000, 0x0000000748000000|  0%| F|  |TAMS 0x0000000747e00000| PB 0x0000000747e00000| Untracked 
|  46|0x0000000748000000, 0x0000000748000000, 0x0000000748200000|  0%| F|  |TAMS 0x0000000748000000| PB 0x0000000748000000| Untracked 
|  47|0x0000000748200000, 0x0000000748200000, 0x0000000748400000|  0%| F|  |TAMS 0x0000000748200000| PB 0x0000000748200000| Untracked 
|  48|0x0000000748400000, 0x0000000748400000, 0x0000000748600000|  0%| F|  |TAMS 0x0000000748400000| PB 0x0000000748400000| Untracked 
|  49|0x0000000748600000, 0x0000000748600000, 0x0000000748800000|  0%| F|  |TAMS 0x0000000748600000| PB 0x0000000748600000| Untracked 
|  50|0x0000000748800000, 0x0000000748800000, 0x0000000748a00000|  0%| F|  |TAMS 0x0000000748800000| PB 0x0000000748800000| Untracked 
|  51|0x0000000748a00000, 0x0000000748a00000, 0x0000000748c00000|  0%| F|  |TAMS 0x0000000748a00000| PB 0x0000000748a00000| Untracked 
|  52|0x0000000748c00000, 0x0000000748c00000, 0x0000000748e00000|  0%| F|  |TAMS 0x0000000748c00000| PB 0x0000000748c00000| Untracked 
|  53|0x0000000748e00000, 0x0000000748e00000, 0x0000000749000000|  0%| F|  |TAMS 0x0000000748e00000| PB 0x0000000748e00000| Untracked 
|  54|0x0000000749000000, 0x0000000749000000, 0x0000000749200000|  0%| F|  |TAMS 0x0000000749000000| PB 0x0000000749000000| Untracked 
|  55|0x0000000749200000, 0x0000000749200000, 0x0000000749400000|  0%| F|  |TAMS 0x0000000749200000| PB 0x0000000749200000| Untracked 
|  56|0x0000000749400000, 0x0000000749400000, 0x0000000749600000|  0%| F|  |TAMS 0x0000000749400000| PB 0x0000000749400000| Untracked 
|  57|0x0000000749600000, 0x0000000749600000, 0x0000000749800000|  0%| F|  |TAMS 0x0000000749600000| PB 0x0000000749600000| Untracked 
|  58|0x0000000749800000, 0x0000000749800000, 0x0000000749a00000|  0%| F|  |TAMS 0x0000000749800000| PB 0x0000000749800000| Untracked 
|  59|0x0000000749a00000, 0x0000000749a00000, 0x0000000749c00000|  0%| F|  |TAMS 0x0000000749a00000| PB 0x0000000749a00000| Untracked 
|  60|0x0000000749c00000, 0x0000000749c00000, 0x0000000749e00000|  0%| F|  |TAMS 0x0000000749c00000| PB 0x0000000749c00000| Untracked 
|  61|0x0000000749e00000, 0x0000000749e00000, 0x000000074a000000|  0%| F|  |TAMS 0x0000000749e00000| PB 0x0000000749e00000| Untracked 
|  62|0x000000074a000000, 0x000000074a000000, 0x000000074a200000|  0%| F|  |TAMS 0x000000074a000000| PB 0x000000074a000000| Untracked 
|  63|0x000000074a200000, 0x000000074a200000, 0x000000074a400000|  0%| F|  |TAMS 0x000000074a200000| PB 0x000000074a200000| Untracked 
|  64|0x000000074a400000, 0x000000074a400000, 0x000000074a600000|  0%| F|  |TAMS 0x000000074a400000| PB 0x000000074a400000| Untracked 
|  65|0x000000074a600000, 0x000000074a600000, 0x000000074a800000|  0%| F|  |TAMS 0x000000074a600000| PB 0x000000074a600000| Untracked 
|  66|0x000000074a800000, 0x000000074a800000, 0x000000074aa00000|  0%| F|  |TAMS 0x000000074a800000| PB 0x000000074a800000| Untracked 
|  67|0x000000074aa00000, 0x000000074aa00000, 0x000000074ac00000|  0%| F|  |TAMS 0x000000074aa00000| PB 0x000000074aa00000| Untracked 
|  68|0x000000074ac00000, 0x000000074ac00000, 0x000000074ae00000|  0%| F|  |TAMS 0x000000074ac00000| PB 0x000000074ac00000| Untracked 
|  69|0x000000074ae00000, 0x000000074ae00000, 0x000000074b000000|  0%| F|  |TAMS 0x000000074ae00000| PB 0x000000074ae00000| Untracked 
|  70|0x000000074b000000, 0x000000074b000000, 0x000000074b200000|  0%| F|  |TAMS 0x000000074b000000| PB 0x000000074b000000| Untracked 
|  71|0x000000074b200000, 0x000000074b200000, 0x000000074b400000|  0%| F|  |TAMS 0x000000074b200000| PB 0x000000074b200000| Untracked 
|  72|0x000000074b400000, 0x000000074b400000, 0x000000074b600000|  0%| F|  |TAMS 0x000000074b400000| PB 0x000000074b400000| Untracked 
|  73|0x000000074b600000, 0x000000074b600000, 0x000000074b800000|  0%| F|  |TAMS 0x000000074b600000| PB 0x000000074b600000| Untracked 
|  74|0x000000074b800000, 0x000000074b800000, 0x000000074ba00000|  0%| F|  |TAMS 0x000000074b800000| PB 0x000000074b800000| Untracked 
|  75|0x000000074ba00000, 0x000000074ba00000, 0x000000074bc00000|  0%| F|  |TAMS 0x000000074ba00000| PB 0x000000074ba00000| Untracked 
|  76|0x000000074bc00000, 0x000000074bc00000, 0x000000074be00000|  0%| F|  |TAMS 0x000000074bc00000| PB 0x000000074bc00000| Untracked 
|  77|0x000000074be00000, 0x000000074be00000, 0x000000074c000000|  0%| F|  |TAMS 0x000000074be00000| PB 0x000000074be00000| Untracked 
|  78|0x000000074c000000, 0x000000074c000000, 0x000000074c200000|  0%| F|  |TAMS 0x000000074c000000| PB 0x000000074c000000| Untracked 
|  79|0x000000074c200000, 0x000000074c200000, 0x000000074c400000|  0%| F|  |TAMS 0x000000074c200000| PB 0x000000074c200000| Untracked 
|  80|0x000000074c400000, 0x000000074c400000, 0x000000074c600000|  0%| F|  |TAMS 0x000000074c400000| PB 0x000000074c400000| Untracked 
|  81|0x000000074c600000, 0x000000074c600000, 0x000000074c800000|  0%| F|  |TAMS 0x000000074c600000| PB 0x000000074c600000| Untracked 
|  82|0x000000074c800000, 0x000000074c800000, 0x000000074ca00000|  0%| F|  |TAMS 0x000000074c800000| PB 0x000000074c800000| Untracked 
|  83|0x000000074ca00000, 0x000000074ca00000, 0x000000074cc00000|  0%| F|  |TAMS 0x000000074ca00000| PB 0x000000074ca00000| Untracked 
|  84|0x000000074cc00000, 0x000000074cc00000, 0x000000074ce00000|  0%| F|  |TAMS 0x000000074cc00000| PB 0x000000074cc00000| Untracked 
|  85|0x000000074ce00000, 0x000000074ce00000, 0x000000074d000000|  0%| F|  |TAMS 0x000000074ce00000| PB 0x000000074ce00000| Untracked 
|  86|0x000000074d000000, 0x000000074d000000, 0x000000074d200000|  0%| F|  |TAMS 0x000000074d000000| PB 0x000000074d000000| Untracked 
|  87|0x000000074d200000, 0x000000074d200000, 0x000000074d400000|  0%| F|  |TAMS 0x000000074d200000| PB 0x000000074d200000| Untracked 
|  88|0x000000074d400000, 0x000000074d400000, 0x000000074d600000|  0%| F|  |TAMS 0x000000074d400000| PB 0x000000074d400000| Untracked 
|  89|0x000000074d600000, 0x000000074d600000, 0x000000074d800000|  0%| F|  |TAMS 0x000000074d600000| PB 0x000000074d600000| Untracked 
|  90|0x000000074d800000, 0x000000074d800000, 0x000000074da00000|  0%| F|  |TAMS 0x000000074d800000| PB 0x000000074d800000| Untracked 
|  91|0x000000074da00000, 0x000000074da00000, 0x000000074dc00000|  0%| F|  |TAMS 0x000000074da00000| PB 0x000000074da00000| Untracked 
|  92|0x000000074dc00000, 0x000000074dc00000, 0x000000074de00000|  0%| F|  |TAMS 0x000000074dc00000| PB 0x000000074dc00000| Untracked 
|  93|0x000000074de00000, 0x000000074df559f8, 0x000000074e000000| 66%| E|  |TAMS 0x000000074de00000| PB 0x000000074de00000| Complete 
|  94|0x000000074e000000, 0x000000074e200000, 0x000000074e200000|100%| E|CS|TAMS 0x000000074e000000| PB 0x000000074e000000| Complete 

Card table byte_map: [0x0000020bda130000,0x0000020bda720000] _byte_map_base: 0x0000020bd671e000

Marking Bits: (CMBitMap*) 0x0000020bc0856f40
 Bits: [0x0000020bdad10000, 0x0000020bddc80000)

Polling page: 0x0000020bc0690000

Metaspace:

Usage:
  Non-class:      1.36 MB used.
      Class:    141.08 KB used.
       Both:      1.50 MB used.

Virtual space:
  Non-class space:       64.00 MB reserved,       1.44 MB (  2%) committed,  1 nodes.
      Class space:        1.00 GB reserved,     192.00 KB ( <1%) committed,  1 nodes.
             Both:        1.06 GB reserved,       1.62 MB ( <1%) committed. 

Chunk freelists:
   Non-Class:  3.93 MB
       Class:  3.71 MB
        Both:  7.64 MB

MaxMetaspaceSize: unlimited
CompressedClassSpaceSize: 1.00 GB
Initial GC threshold: 21.00 MB
Current GC threshold: 21.00 MB
CDS: on
MetaspaceReclaimPolicy: balanced
 - commit_granule_bytes: 65536.
 - commit_granule_words: 8192.
 - virtual_space_node_default_size: 8388608.
 - enlarge_chunks_in_place: 1.
 - new_chunks_are_fully_committed: 0.
 - uncommit_free_chunks: 1.
 - use_allocation_guard: 0.


Internal statistics:

num_allocs_failed_limit: 0.
num_arena_births: 60.
num_arena_deaths: 0.
num_vsnodes_births: 2.
num_vsnodes_deaths: 0.
num_space_committed: 26.
num_space_uncommitted: 0.
num_chunks_returned_to_freelist: 0.
num_chunks_taken_from_freelist: 71.
num_chunk_merges: 0.
num_chunk_splits: 42.
num_chunks_enlarged: 17.
num_inconsistent_stats: 0.

CodeHeap 'non-profiled nmethods': size=120000Kb used=80Kb max_used=80Kb free=119919Kb
 bounds [0x0000020bd1ba0000, 0x0000020bd1e10000, 0x0000020bd90d0000]
CodeHeap 'profiled nmethods': size=120000Kb used=282Kb max_used=282Kb free=119718Kb
 bounds [0x0000020bca0d0000, 0x0000020bca340000, 0x0000020bd1600000]
CodeHeap 'non-nmethods': size=5760Kb used=1375Kb max_used=1375Kb free=4384Kb
 bounds [0x0000020bd1600000, 0x0000020bd1870000, 0x0000020bd1ba0000]
 total_blobs=660 nmethods=235 adapters=336
 compilation: enabled
              stopped_count=0, restarted_count=0
 full_count=0

Compilation events (20 events):
Event: 0.101 Thread 0x0000020be0716650  216       3       java.lang.String::checkBoundsBeginEnd (11 bytes)
Event: 0.101 Thread 0x0000020be0701560 nmethod 228 0x0000020bd1bb3410 code [0x0000020bd1bb3580, 0x0000020bd1bb3618]
Event: 0.101 Thread 0x0000020be0716650 nmethod 216 0x0000020bca112110 code [0x0000020bca1122c0, 0x0000020bca112508]
Event: 0.101 Thread 0x0000020be0716650  215       1       java.lang.invoke.LambdaForm$Name::type (5 bytes)
Event: 0.101 Thread 0x0000020be0716650 nmethod 215 0x0000020bd1bb3710 code [0x0000020bd1bb3880, 0x0000020bd1bb3950]
Event: 0.101 Thread 0x0000020be0716650  217       3       java.lang.String::substring (58 bytes)
Event: 0.102 Thread 0x0000020be0716650 nmethod 217 0x0000020bca112610 code [0x0000020bca112820, 0x0000020bca112e30]
Event: 0.102 Thread 0x0000020be0716650  229       3       java.lang.invoke.LambdaForm$Name::useCount (51 bytes)
Event: 0.102 Thread 0x0000020be0716650 nmethod 229 0x0000020bca113090 code [0x0000020bca113220, 0x0000020bca1134a0]
Event: 0.102 Thread 0x0000020be0716650  232       3       java.lang.invoke.MemberName::getReferenceKind (12 bytes)
Event: 0.102 Thread 0x0000020be0716650 nmethod 232 0x0000020bca113590 code [0x0000020bca113720, 0x0000020bca113838]
Event: 0.102 Thread 0x0000020be0716650  219       3       java.lang.invoke.MethodType::<init> (15 bytes)
Event: 0.102 Thread 0x0000020be0716650 nmethod 219 0x0000020bca113910 code [0x0000020bca113aa0, 0x0000020bca113cd8]
Event: 0.102 Thread 0x0000020be0716650  220       3       java.lang.invoke.MethodType$ConcurrentWeakInternSet::get (47 bytes)
Event: 0.102 Thread 0x0000020be0716650 nmethod 220 0x0000020bca113d90 code [0x0000020bca113fa0, 0x0000020bca114798]
Event: 0.107 Thread 0x0000020be0716650  233       3       java.lang.Enum::<init> (15 bytes)
Event: 0.107 Thread 0x0000020be0716650 nmethod 233 0x0000020bca114a90 code [0x0000020bca114c20, 0x0000020bca114df0]
Event: 0.109 Thread 0x0000020be0716650  234       3       java.lang.StringLatin1::replace (198 bytes)
Event: 0.109 Thread 0x0000020be0716650 nmethod 234 0x0000020bca114e90 code [0x0000020bca115120, 0x0000020bca115f80]
Event: 0.109 Thread 0x0000020be0716650  235       3       java.lang.StringBuilder::<init> (7 bytes)

GC Heap History (0 events):
No events

Dll operation events (7 events):
Event: 0.007 Loaded shared library F:\jdk\bin\java.dll
Event: 0.015 Loaded shared library F:\jdk\bin\jsvml.dll
Event: 0.049 Loaded shared library F:\jdk\bin\net.dll
Event: 0.051 Loaded shared library F:\jdk\bin\nio.dll
Event: 0.055 Loaded shared library F:\jdk\bin\zip.dll
Event: 0.063 Loaded shared library F:\jdk\bin\jimage.dll
Event: 0.089 Loaded shared library F:\jdk\bin\awt.dll

Deoptimization events (0 events):
No events

Classes loaded (20 events):
Event: 0.107 Loading class java/awt/Container$1
Event: 0.107 Loading class sun/awt/AWTAccessor$ContainerAccessor
Event: 0.107 Loading class sun/awt/AWTAccessor$ContainerAccessor done
Event: 0.107 Loading class java/awt/Container$1 done
Event: 0.107 Loading class sun/awt/util/IdentityArrayList
Event: 0.108 Loading class sun/awt/util/IdentityArrayList done
Event: 0.108 Loading class java/awt/Window$Type
Event: 0.108 Loading class java/awt/Window$Type done
Event: 0.108 Loading class java/util/concurrent/atomic/AtomicBoolean
Event: 0.108 Loading class java/util/concurrent/atomic/AtomicBoolean done
Event: 0.108 Loading class java/awt/Window$1
Event: 0.108 Loading class sun/awt/AWTAccessor$WindowAccessor
Event: 0.108 Loading class sun/awt/AWTAccessor$WindowAccessor done
Event: 0.108 Loading class java/awt/Window$1 done
Event: 0.108 Loading class java/awt/Frame$1
Event: 0.108 Loading class sun/awt/AWTAccessor$FrameAccessor
Event: 0.108 Loading class sun/awt/AWTAccessor$FrameAccessor done
Event: 0.108 Loading class java/awt/Frame$1 done
Event: 0.109 Loading class java/awt/EventQueue
Event: 0.109 Loading class java/awt/EventQueue done

Classes unloaded (0 events):
No events

Classes redefined (0 events):
No events

Internal exceptions (3 events):
Event: 0.078 Thread 0x0000020bc07f7030 Exception <a 'java/lang/ClassNotFoundException'{0x000000074deae6d8}: sun/awt/resources/spi/awtProvider> (0x000000074deae6d8) 
thrown [s\open\src\hotspot\share\classfile\systemDictionary.cpp, line 305]
Event: 0.097 Thread 0x0000020bc07f7030 Exception <a 'java/io/FileNotFoundException'{0x000000074df09880}> (0x000000074df09880) 
thrown [s\open\src\hotspot\share\prims\jni.cpp, line 519]
Event: 0.102 Thread 0x0000020bc07f7030 Exception <a 'java/io/FileNotFoundException'{0x000000074df33860}> (0x000000074df33860) 
thrown [s\open\src\hotspot\share\prims\jni.cpp, line 519]

VM Operations (0 events):
No events

Events (11 events):
Event: 0.016 Thread 0x0000020bc07f7030 Thread added: 0x0000020bc07f7030
Event: 0.028 Thread 0x0000020be06f3de0 Thread added: 0x0000020be06f3de0
Event: 0.028 Thread 0x0000020be06f4be0 Thread added: 0x0000020be06f4be0
Event: 0.028 Thread 0x0000020be06f5c60 Thread added: 0x0000020be06f5c60
Event: 0.028 Thread 0x0000020be06f8bc0 Thread added: 0x0000020be06f8bc0
Event: 0.028 Thread 0x0000020be06fb510 Thread added: 0x0000020be06fb510
Event: 0.029 Thread 0x0000020be06fde60 Thread added: 0x0000020be06fde60
Event: 0.029 Thread 0x0000020be0701560 Thread added: 0x0000020be0701560
Event: 0.029 Thread 0x0000020be0716650 Thread added: 0x0000020be0716650
Event: 0.044 Thread 0x0000020be49d7500 Thread added: 0x0000020be49d7500
Event: 0.046 Thread 0x0000020be49dd900 Thread added: 0x0000020be49dd900


Dynamic libraries:
0x00007ff68f020000 - 0x00007ff68f030000 	F:\jdk\bin\java.exe
0x00007ffdca290000 - 0x00007ffdca488000 	C:\Windows\SYSTEM32\ntdll.dll
0x00007ffdc9900000 - 0x00007ffdc99bf000 	C:\Windows\System32\KERNEL32.DLL
0x00007ffdc7f50000 - 0x00007ffdc8246000 	C:\Windows\System32\KERNELBASE.dll
0x00007ffdc7e50000 - 0x00007ffdc7f50000 	C:\Windows\System32\ucrtbase.dll
0x00007ffda24f0000 - 0x00007ffda2509000 	F:\jdk\bin\jli.dll
0x00007ffd7d2b0000 - 0x00007ffd7d2cb000 	F:\jdk\bin\VCRUNTIME140.dll
0x00007ffdc8bf0000 - 0x00007ffdc8c9f000 	C:\Windows\System32\ADVAPI32.dll
0x00007ffdc8dd0000 - 0x00007ffdc8e6e000 	C:\Windows\System32\msvcrt.dll
0x00007ffdc8e70000 - 0x00007ffdc8f0c000 	C:\Windows\System32\sechost.dll
0x00007ffdc8a90000 - 0x00007ffdc8bb6000 	C:\Windows\System32\RPCRT4.dll
0x00007ffdc8350000 - 0x00007ffdc84ed000 	C:\Windows\System32\USER32.dll
0x00007ffdc7c20000 - 0x00007ffdc7c42000 	C:\Windows\System32\win32u.dll
0x00007ffdaef50000 - 0x00007ffdaf1ea000 	C:\Windows\WinSxS\amd64_microsoft.windows.common-controls_6595b64144ccf1df_6.0.19041.1110_none_60b5254171f9507e\COMCTL32.dll
0x00007ffdc8bc0000 - 0x00007ffdc8bec000 	C:\Windows\System32\GDI32.dll
0x00007ffdc7c80000 - 0x00007ffdc7d95000 	C:\Windows\System32\gdi32full.dll
0x00007ffdc8250000 - 0x00007ffdc82ed000 	C:\Windows\System32\msvcp_win.dll
0x00007ffdc1c90000 - 0x00007ffdc1c9a000 	C:\Windows\SYSTEM32\VERSION.dll
0x00007ffdca110000 - 0x00007ffdca140000 	C:\Windows\System32\IMM32.DLL
0x00007ffd7d250000 - 0x00007ffd7d25c000 	F:\jdk\bin\vcruntime140_1.dll
0x00007ffd7ce40000 - 0x00007ffd7cece000 	F:\jdk\bin\msvcp140.dll
0x00007ffd69050000 - 0x00007ffd69ce7000 	F:\jdk\bin\server\jvm.dll
0x00007ffdbb5c0000 - 0x00007ffdbb5e7000 	C:\Windows\SYSTEM32\WINMM.dll
0x00007ffd7d5a0000 - 0x00007ffd7d5a9000 	C:\Windows\SYSTEM32\WSOCK32.dll
0x00007ffdc9830000 - 0x00007ffdc989b000 	C:\Windows\System32\WS2_32.dll
0x00007ffdc61c0000 - 0x00007ffdc61d2000 	C:\Windows\SYSTEM32\kernel.appcore.dll
0x00007ffd7d1d0000 - 0x00007ffd7d1da000 	F:\jdk\bin\jimage.dll
0x00007ffdc5620000 - 0x00007ffdc5804000 	C:\Windows\SYSTEM32\DBGHELP.DLL
0x00007ffdbfad0000 - 0x00007ffdbfb04000 	C:\Windows\SYSTEM32\dbgcore.DLL
0x00007ffdc7b90000 - 0x00007ffdc7c12000 	C:\Windows\System32\bcryptPrimitives.dll
0x00007ffd7d1e0000 - 0x00007ffd7d206000 	F:\jdk\bin\java.dll
0x00007ffd7d0f0000 - 0x00007ffd7d1c7000 	F:\jdk\bin\jsvml.dll
0x00007ffdc99c0000 - 0x00007ffdca104000 	C:\Windows\System32\SHELL32.dll
0x00007ffdc5a10000 - 0x00007ffdc61a3000 	C:\Windows\SYSTEM32\windows.storage.dll
0x00007ffdc94d0000 - 0x00007ffdc9824000 	C:\Windows\System32\combase.dll
0x00007ffdc7380000 - 0x00007ffdc73ae000 	C:\Windows\SYSTEM32\Wldp.dll
0x00007ffdca1a0000 - 0x00007ffdca24d000 	C:\Windows\System32\SHCORE.dll
0x00007ffdc82f0000 - 0x00007ffdc8345000 	C:\Windows\System32\shlwapi.dll
0x00007ffdc78b0000 - 0x00007ffdc78cf000 	C:\Windows\SYSTEM32\profapi.dll
0x00007ffd7d0d0000 - 0x00007ffd7d0e3000 	F:\jdk\bin\net.dll
0x00007ffdbf9c0000 - 0x00007ffdbfaca000 	C:\Windows\SYSTEM32\WINHTTP.dll
0x00007ffdc70c0000 - 0x00007ffdc712a000 	C:\Windows\system32\mswsock.dll
0x00007ffd7d0b0000 - 0x00007ffd7d0c6000 	F:\jdk\bin\nio.dll
0x00007ffd7d090000 - 0x00007ffd7d0a8000 	F:\jdk\bin\zip.dll
0x00007ffd7ced0000 - 0x00007ffd7d061000 	F:\jdk\bin\awt.dll
0x00007ffdc8f10000 - 0x00007ffdc8fdd000 	C:\Windows\System32\OLEAUT32.dll
0x00007ffdc4d70000 - 0x00007ffdc4e01000 	C:\Windows\SYSTEM32\apphelp.dll

dbghelp: loaded successfully - version: 4.0.5 - missing functions: none
symbol engine: initialized successfully - sym options: 0x614 - pdb path: .;F:\jdk\bin;C:\Windows\SYSTEM32;C:\Windows\WinSxS\amd64_microsoft.windows.common-controls_6595b64144ccf1df_6.0.19041.1110_none_60b5254171f9507e;F:\jdk\bin\server

VM Arguments:
jvm_args: -Dfile.encoding=UTF-8 
java_command: travel.management.system.BookPackage
java_class_path (initial): C:\Users\User\Downloads\mysql-connector-java-8.0.28.jar;C:\Users\User\Downloads\rs2xml.jar;C:\Users\User\Documents\NetBeansProjects\Travel-and-Toursim-Management-System-master\Travel Management System\build\classes
Launcher Type: SUN_STANDARD

[Global flags]
     intx CICompilerCount                          = 4                                         {product} {ergonomic}
     uint ConcGCThreads                            = 2                                         {product} {ergonomic}
     uint G1ConcRefinementThreads                  = 8                                         {product} {ergonomic}
   size_t G1HeapRegionSize                         = 2097152                                   {product} {ergonomic}
    uintx GCDrainStackTargetSize                   = 64                                        {product} {ergonomic}
   size_t InitialHeapSize                          = 199229440                                 {product} {ergonomic}
   size_t MarkStackSize                            = 4194304                                   {product} {ergonomic}
   size_t MaxHeapSize                              = 3183476736                                {product} {ergonomic}
   size_t MaxNewSize                               = 1908408320                                {product} {ergonomic}
   size_t MinHeapDeltaBytes                        = 2097152                                   {product} {ergonomic}
   size_t MinHeapSize                              = 8388608                                   {product} {ergonomic}
    uintx NonNMethodCodeHeapSize                   = 5839372                                {pd product} {ergonomic}
    uintx NonProfiledCodeHeapSize                  = 122909434                              {pd product} {ergonomic}
    uintx ProfiledCodeHeapSize                     = 122909434                              {pd product} {ergonomic}
    uintx ReservedCodeCacheSize                    = 251658240                              {pd product} {ergonomic}
     bool SegmentedCodeCache                       = true                                      {product} {ergonomic}
   size_t SoftMaxHeapSize                          = 3183476736                             {manageable} {ergonomic}
     bool UseCompressedClassPointers               = true                           {product lp64_product} {ergonomic}
     bool UseCompressedOops                        = true                           {product lp64_product} {ergonomic}
     bool UseG1GC                                  = true                                      {product} {ergonomic}
     bool UseLargePagesIndividualAllocation        = false                                  {pd product} {ergonomic}

Logging:
Log output configuration:
 #0: stdout all=warning uptime,level,tags foldmultilines=false
 #1: stderr all=off uptime,level,tags foldmultilines=false

Environment Variables:
PATH=C:\Program Files\Common Files\Oracle\Java\javapath;C:\Windows\system32;C:\Windows;C:\Windows\System32\Wbem;C:\Windows\System32\WindowsPowerShell\v1.0\;C:\Windows\System32\OpenSSH\;C:\Program Files (x86)\NVIDIA Corporation\PhysX\Common;C:\Program Files\NVIDIA Corporation\NVIDIA NvDLISR;C:\Program Files\Intel\WiFi\bin\;C:\Program Files\Common Files\Intel\WirelessCommon\;F:\xaamp\php;C:\xampp\php;C:\Users\User\AppData\Local\Microsoft\WindowsApps;;C:\Users\User\AppData\Local\Programs\Microsoft VS Code\bin
USERNAME=User
OS=Windows_NT
PROCESSOR_IDENTIFIER=Intel64 Family 6 Model 142 Stepping 11, GenuineIntel
TMP=C:\Users\User\AppData\Local\Temp
TEMP=C:\Users\User\AppData\Local\Temp




---------------  S Y S T E M  ---------------

OS:
 Windows 10 , 64 bit Build 19041 (10.0.19041.2913)
OS uptime: 9 days 2:58 hours

CPU: total 8 (initial active 8) (4 cores per cpu, 2 threads per core) family 6 model 142 stepping 11 microcode 0xb8, cx8, cmov, fxsr, ht, mmx, 3dnowpref, sse, sse2, sse3, ssse3, sse4.1, sse4.2, popcnt, lzcnt, tsc, tscinvbit, avx, avx2, aes, erms, clmul, bmi1, bmi2, adx, fma, vzeroupper, clflush, clflushopt, rdtscp, f16c

Memory: 4k page, system-wide physical 12139M (3241M free)
TotalPageFile size 26419M (AvailPageFile size 4M)
current process WorkingSet (physical memory assigned to process): 36M, peak: 36M
current process commit charge ("private bytes"): 275M, peak: 275M

vm_info: Java HotSpot(TM) 64-Bit Server VM (20.0.1+9-29) for windows-amd64 JRE (20.0.1+9-29), built on 2023-03-07T13:56:11Z by "mach5one" with MS VC++ 17.1 (VS2022)

END.
