#
# There is insufficient memory for the Java Runtime Environment to continue.
# Native memory allocation (mmap) failed to map 65536 bytes for Failed to commit metaspace.
# Possible reasons:
#   The system is out of physical RAM or swap space
#   The process is running with CompressedOops enabled, and the Java Heap may be blocking the growth of the native heap
# Possible solutions:
#   Reduce memory load on the system
#   Increase physical memory or swap space
#   Check if swap backing store is full
#   Decrease Java heap size (-Xmx/-Xms)
#   Decrease number of Java threads
#   Decrease Java thread stack sizes (-Xss)
#   Set larger code cache with -XX:ReservedCodeCacheSize=
#   JVM is running with Zero Based Compressed Oops mode in which the Java heap is
#     placed in the first 32GB address space. The Java Heap base address is the
#     maximum limit for the native heap growth. Please use -XX:HeapBaseMinAddress
#     to set the Java Heap base and to place the Java Heap above 32GB virtual address.
# This output file may be truncated or incomplete.
#
#  Out of Memory Error (virtualSpaceNode.cpp:110), pid=15076, tid=19120
#
# JRE version: Java(TM) SE Runtime Environment (20.0.1+9) (build 20.0.1+9-29)
# Java VM: Java HotSpot(TM) 64-Bit Server VM (20.0.1+9-29, mixed mode, sharing, tiered, compressed oops, compressed class ptrs, g1 gc, windows-amd64)
# No core dump will be written. Minidumps are not enabled by default on client versions of Windows
#

---------------  S U M M A R Y ------------

Command Line: -Dfile.encoding=UTF-8 travel.management.system.BookPackage

Host: Intel(R) Core(TM) i5-8265U CPU @ 1.60GHz, 8 cores, 11G,  Windows 10 , 64 bit Build 19041 (10.0.19041.2913)
Time: Thu Jun  8 14:35:22 2023 Bangladesh Standard Time elapsed time: 1.950034 seconds (0d 0h 0m 1s)

---------------  T H R E A D  ---------------

Current thread (0x0000022ea27d8290):  JavaThread "main" [_thread_in_vm, id=19120, stack(0x0000005016200000,0x0000005016300000)]

Stack: [0x0000005016200000,0x0000005016300000]
Native frames: (J=compiled Java code, j=interpreted, Vv=VM code, C=native code)
V  [jvm.dll+0x6bb95a]
V  [jvm.dll+0x8485fa]
V  [jvm.dll+0x84a1f5]
V  [jvm.dll+0x84a8f3]
V  [jvm.dll+0x280b0f]
V  [jvm.dll+0x84453b]
V  [jvm.dll+0x65fd86]
V  [jvm.dll+0x65fdea]
V  [jvm.dll+0x6626c3]
V  [jvm.dll+0x66258e]
V  [jvm.dll+0x66079e]
V  [jvm.dll+0x26c66f]
V  [jvm.dll+0x66add5]
V  [jvm.dll+0x21b442]
V  [jvm.dll+0x21b975]
V  [jvm.dll+0x21c361]
V  [jvm.dll+0x211780]
V  [jvm.dll+0x59c26c]
V  [jvm.dll+0x222d6a]
V  [jvm.dll+0x7c2cb4]
V  [jvm.dll+0x7c3dff]
V  [jvm.dll+0x7c43af]
V  [jvm.dll+0x7c4058]
V  [jvm.dll+0x27024b]
V  [jvm.dll+0x3d84fe]
C  0x0000022eb1dff87f

Java frames: (J=compiled Java code, j=interpreted, Vv=VM code)
j  sun.security.util.SecurityConstants.<clinit>()V+238 java.base@20.0.1
v  ~StubRoutines::call_stub 0x0000022eb1dd100d
j  java.util.ResourceBundle$ResourceBundleProviderHelper.loadResourceBundle(Ljava/lang/Module;Ljava/lang/Module;Ljava/lang/String;Ljava/util/Locale;)Ljava/util/ResourceBundle;+29 java.base@20.0.1
j  java.util.ResourceBundle.loadBundle(Ljava/util/ResourceBundle$CacheKey;Ljava/util/List;Ljava/util/ResourceBundle$Control;Ljava/lang/Module;Ljava/lang/Module;)Ljava/util/ResourceBundle;+259 java.base@20.0.1
j  java.util.ResourceBundle.findBundle(Ljava/lang/Module;Ljava/lang/Module;Ljava/util/ResourceBundle$CacheKey;Ljava/util/List;Ljava/util/List;ILjava/util/ResourceBundle$Control;Ljava/util/ResourceBundle;)Ljava/util/ResourceBundle;+249 java.base@20.0.1
j  java.util.ResourceBundle.findBundle(Ljava/lang/Module;Ljava/lang/Module;Ljava/util/ResourceBundle$CacheKey;Ljava/util/List;Ljava/util/List;ILjava/util/ResourceBundle$Control;Ljava/util/ResourceBundle;)Ljava/util/ResourceBundle;+43 java.base@20.0.1
j  java.util.ResourceBundle.findBundle(Ljava/lang/Module;Ljava/lang/Module;Ljava/util/ResourceBundle$CacheKey;Ljava/util/List;Ljava/util/List;ILjava/util/ResourceBundle$Control;Ljava/util/ResourceBundle;)Ljava/util/ResourceBundle;+43 java.base@20.0.1
j  java.util.ResourceBundle.getBundleImpl(Ljava/lang/Module;Ljava/lang/Module;Ljava/lang/String;Ljava/util/Locale;Ljava/util/ResourceBundle$Control;)Ljava/util/ResourceBundle;+196 java.base@20.0.1
j  java.util.ResourceBundle.getBundleImpl(Ljava/lang/String;Ljava/util/Locale;Ljava/lang/Class;Ljava/lang/ClassLoader;Ljava/util/ResourceBundle$Control;)Ljava/util/ResourceBundle;+31 java.base@20.0.1
j  java.util.ResourceBundle.getBundleImpl(Ljava/lang/String;Ljava/util/Locale;Ljava/lang/Class;Ljava/util/ResourceBundle$Control;)Ljava/util/ResourceBundle;+15 java.base@20.0.1
j  java.util.ResourceBundle.getBundle(Ljava/lang/String;)Ljava/util/ResourceBundle;+14 java.base@20.0.1
j  java.awt.Toolkit$4.run()Ljava/lang/Void;+2 java.desktop@20.0.1
j  java.awt.Toolkit$4.run()Ljava/lang/Object;+1 java.desktop@20.0.1
j  java.security.AccessController.executePrivileged(Ljava/security/PrivilegedAction;Ljava/security/AccessControlContext;Ljava/lang/Class;)Ljava/lang/Object;+29 java.base@20.0.1
j  java.security.AccessController.doPrivileged(Ljava/security/PrivilegedAction;)Ljava/lang/Object;+5 java.base@20.0.1
j  java.awt.Toolkit.initStatic()V+17 java.desktop@20.0.1
j  java.awt.Toolkit.<clinit>()V+20 java.desktop@20.0.1
v  ~StubRoutines::call_stub 0x0000022eb1dd100d
j  java.awt.Component.<clinit>()V+93 java.desktop@20.0.1
v  ~StubRoutines::call_stub 0x0000022eb1dd100d

---------------  P R O C E S S  ---------------

Threads class SMR info:
_java_thread_list=0x0000022f059d7f00, length=11, elements={
0x0000022ea27d8290, 0x0000022ec07251d0, 0x0000022ec0725fd0, 0x0000022ec072b030,
0x0000022ec072e2a0, 0x0000022ec072ed80, 0x0000022ec07316d0, 0x0000022ec0736fa0,
0x0000022ec073fad0, 0x0000022f059caf40, 0x0000022f059d83a0
}

Java Threads: ( => current thread )
=>0x0000022ea27d8290 JavaThread "main" [_thread_in_vm, id=19120, stack(0x0000005016200000,0x0000005016300000)]
  0x0000022ec07251d0 JavaThread "Reference Handler" daemon [_thread_blocked, id=22632, stack(0x0000005016900000,0x0000005016a00000)]
  0x0000022ec0725fd0 JavaThread "Finalizer" daemon [_thread_blocked, id=25900, stack(0x0000005016a00000,0x0000005016b00000)]
  0x0000022ec072b030 JavaThread "Signal Dispatcher" daemon [_thread_blocked, id=8064, stack(0x0000005016b00000,0x0000005016c00000)]
  0x0000022ec072e2a0 JavaThread "Attach Listener" daemon [_thread_blocked, id=24856, stack(0x0000005016c00000,0x0000005016d00000)]
  0x0000022ec072ed80 JavaThread "Service Thread" daemon [_thread_blocked, id=9480, stack(0x0000005016d00000,0x0000005016e00000)]
  0x0000022ec07316d0 JavaThread "Monitor Deflation Thread" daemon [_thread_blocked, id=27976, stack(0x0000005016e00000,0x0000005016f00000)]
  0x0000022ec0736fa0 JavaThread "C2 CompilerThread0" daemon [_thread_blocked, id=26356, stack(0x0000005016f00000,0x0000005017000000)]
  0x0000022ec073fad0 JavaThread "C1 CompilerThread0" daemon [_thread_blocked, id=22492, stack(0x0000005017000000,0x0000005017100000)]
  0x0000022f059caf40 JavaThread "Notification Thread" daemon [_thread_blocked, id=2428, stack(0x0000005017100000,0x0000005017200000)]
  0x0000022f059d83a0 JavaThread "Common-Cleaner" daemon [_thread_blocked, id=4460, stack(0x0000005017300000,0x0000005017400000)]

Other Threads:
  0x0000022ec07041a0 VMThread "VM Thread" [stack: 0x0000005016800000,0x0000005016900000] [id=17228]
  0x0000022f059d42c0 WatcherThread "VM Periodic Task Thread" [stack: 0x0000005017200000,0x0000005017300000] [id=26396]
  0x0000022ea28371f0 WorkerThread "GC Thread#0" [stack: 0x0000005016300000,0x0000005016400000] [id=24396]
  0x0000022ea2844de0 ConcurrentGCThread "G1 Main Marker" [stack: 0x0000005016400000,0x0000005016500000] [id=26164]
  0x0000022ea28458c0 WorkerThread "G1 Conc#0" [stack: 0x0000005016500000,0x0000005016600000] [id=16584]
  0x0000022ea28ae5d0 ConcurrentGCThread "G1 Refine#0" [stack: 0x0000005016600000,0x0000005016700000] [id=1104]
  0x0000022ec05c50c0 ConcurrentGCThread "G1 Service" [stack: 0x0000005016700000,0x0000005016800000] [id=12372]

Threads with active compile tasks:

VM state: not at safepoint (normal execution)

VM Mutex/Monitor currently owned by a thread:  ([mutex/lock_event])
[0x0000022ea27d0750] Metaspace_lock - owner thread: 0x0000022ea27d8290

Heap address: 0x0000000742400000, size: 3036 MB, Compressed Oops mode: Zero based, Oop shift amount: 3

CDS archive(s) mapped at: [0x0000022ec0800000-0x0000022ec1460000-0x0000022ec1460000), size 12976128, SharedBaseAddress: 0x0000022ec0800000, ArchiveRelocationMode: 0.
Compressed class space mapped at: 0x0000022ec1800000-0x0000022f01800000, reserved size: 1073741824
Narrow klass base: 0x0000022ec0800000, Narrow klass shift: 0, Narrow klass range: 0x100000000

GC Precious Log:
 CardTable entry size: 512
 Card Set container configuration: InlinePtr #cards 4 size 8 Array Of Cards #cards 16 size 48 Howl #buckets 8 coarsen threshold 3686 Howl Bitmap #cards 512 size 80 coarsen threshold 460 Card regions per heap region 1 cards per card region 4096
 CPUs: 8 total, 8 available
 Memory: 12139M
 Large Page Support: Disabled
 NUMA Support: Disabled
 Compressed Oops: Enabled (Zero based)
 Heap Region Size: 2M
 Heap Min Capacity: 8M
 Heap Initial Capacity: 190M
 Heap Max Capacity: 3036M
 Pre-touch: Disabled
 Parallel Workers: 8
 Concurrent Workers: 2
 Concurrent Refinement Workers: 8
 Periodic GC: Disabled

Heap:
 garbage-first heap   total 194560K, used 2048K [0x0000000742400000, 0x0000000800000000)
  region size 2048K, 2 young (4096K), 0 survivors (0K)
 Metaspace       used 1001K, committed 1152K, reserved 1114112K
  class space    used 92K, committed 192K, reserved 1048576K

Heap Regions: E=young(eden), S=young(survivor), O=old, HS=humongous(starts), HC=humongous(continues), CS=collection set, F=free, OA=open archive, CA=closed archive, TAMS=top-at-mark-start, PB=parsable bottom
|   0|0x0000000742400000, 0x0000000742400000, 0x0000000742600000|  0%| F|  |TAMS 0x0000000742400000| PB 0x0000000742400000| Untracked 
|   1|0x0000000742600000, 0x0000000742600000, 0x0000000742800000|  0%| F|  |TAMS 0x0000000742600000| PB 0x0000000742600000| Untracked 
|   2|0x0000000742800000, 0x0000000742800000, 0x0000000742a00000|  0%| F|  |TAMS 0x0000000742800000| PB 0x0000000742800000| Untracked 
|   3|0x0000000742a00000, 0x0000000742a00000, 0x0000000742c00000|  0%| F|  |TAMS 0x0000000742a00000| PB 0x0000000742a00000| Untracked 
|   4|0x0000000742c00000, 0x0000000742c00000, 0x0000000742e00000|  0%| F|  |TAMS 0x0000000742c00000| PB 0x0000000742c00000| Untracked 
|   5|0x0000000742e00000, 0x0000000742e00000, 0x0000000743000000|  0%| F|  |TAMS 0x0000000742e00000| PB 0x0000000742e00000| Untracked 
|   6|0x0000000743000000, 0x0000000743000000, 0x0000000743200000|  0%| F|  |TAMS 0x0000000743000000| PB 0x0000000743000000| Untracked 
|   7|0x0000000743200000, 0x0000000743200000, 0x0000000743400000|  0%| F|  |TAMS 0x0000000743200000| PB 0x0000000743200000| Untracked 
|   8|0x0000000743400000, 0x0000000743400000, 0x0000000743600000|  0%| F|  |TAMS 0x0000000743400000| PB 0x0000000743400000| Untracked 
|   9|0x0000000743600000, 0x0000000743600000, 0x0000000743800000|  0%| F|  |TAMS 0x0000000743600000| PB 0x0000000743600000| Untracked 
|  10|0x0000000743800000, 0x0000000743800000, 0x0000000743a00000|  0%| F|  |TAMS 0x0000000743800000| PB 0x0000000743800000| Untracked 
|  11|0x0000000743a00000, 0x0000000743a00000, 0x0000000743c00000|  0%| F|  |TAMS 0x0000000743a00000| PB 0x0000000743a00000| Untracked 
|  12|0x0000000743c00000, 0x0000000743c00000, 0x0000000743e00000|  0%| F|  |TAMS 0x0000000743c00000| PB 0x0000000743c00000| Untracked 
|  13|0x0000000743e00000, 0x0000000743e00000, 0x0000000744000000|  0%| F|  |TAMS 0x0000000743e00000| PB 0x0000000743e00000| Untracked 
|  14|0x0000000744000000, 0x0000000744000000, 0x0000000744200000|  0%| F|  |TAMS 0x0000000744000000| PB 0x0000000744000000| Untracked 
|  15|0x0000000744200000, 0x0000000744200000, 0x0000000744400000|  0%| F|  |TAMS 0x0000000744200000| PB 0x0000000744200000| Untracked 
|  16|0x0000000744400000, 0x0000000744400000, 0x0000000744600000|  0%| F|  |TAMS 0x0000000744400000| PB 0x0000000744400000| Untracked 
|  17|0x0000000744600000, 0x0000000744600000, 0x0000000744800000|  0%| F|  |TAMS 0x0000000744600000| PB 0x0000000744600000| Untracked 
|  18|0x0000000744800000, 0x0000000744800000, 0x0000000744a00000|  0%| F|  |TAMS 0x0000000744800000| PB 0x0000000744800000| Untracked 
|  19|0x0000000744a00000, 0x0000000744a00000, 0x0000000744c00000|  0%| F|  |TAMS 0x0000000744a00000| PB 0x0000000744a00000| Untracked 
|  20|0x0000000744c00000, 0x0000000744c00000, 0x0000000744e00000|  0%| F|  |TAMS 0x0000000744c00000| PB 0x0000000744c00000| Untracked 
|  21|0x0000000744e00000, 0x0000000744e00000, 0x0000000745000000|  0%| F|  |TAMS 0x0000000744e00000| PB 0x0000000744e00000| Untracked 
|  22|0x0000000745000000, 0x0000000745000000, 0x0000000745200000|  0%| F|  |TAMS 0x0000000745000000| PB 0x0000000745000000| Untracked 
|  23|0x0000000745200000, 0x0000000745200000, 0x0000000745400000|  0%| F|  |TAMS 0x0000000745200000| PB 0x0000000745200000| Untracked 
|  24|0x0000000745400000, 0x0000000745400000, 0x0000000745600000|  0%| F|  |TAMS 0x0000000745400000| PB 0x0000000745400000| Untracked 
|  25|0x0000000745600000, 0x0000000745600000, 0x0000000745800000|  0%| F|  |TAMS 0x0000000745600000| PB 0x0000000745600000| Untracked 
|  26|0x0000000745800000, 0x0000000745800000, 0x0000000745a00000|  0%| F|  |TAMS 0x0000000745800000| PB 0x0000000745800000| Untracked 
|  27|0x0000000745a00000, 0x0000000745a00000, 0x0000000745c00000|  0%| F|  |TAMS 0x0000000745a00000| PB 0x0000000745a00000| Untracked 
|  28|0x0000000745c00000, 0x0000000745c00000, 0x0000000745e00000|  0%| F|  |TAMS 0x0000000745c00000| PB 0x0000000745c00000| Untracked 
|  29|0x0000000745e00000, 0x0000000745e00000, 0x0000000746000000|  0%| F|  |TAMS 0x0000000745e00000| PB 0x0000000745e00000| Untracked 
|  30|0x0000000746000000, 0x0000000746000000, 0x0000000746200000|  0%| F|  |TAMS 0x0000000746000000| PB 0x0000000746000000| Untracked 
|  31|0x0000000746200000, 0x0000000746200000, 0x0000000746400000|  0%| F|  |TAMS 0x0000000746200000| PB 0x0000000746200000| Untracked 
|  32|0x0000000746400000, 0x0000000746400000, 0x0000000746600000|  0%| F|  |TAMS 0x0000000746400000| PB 0x0000000746400000| Untracked 
|  33|0x0000000746600000, 0x0000000746600000, 0x0000000746800000|  0%| F|  |TAMS 0x0000000746600000| PB 0x0000000746600000| Untracked 
|  34|0x0000000746800000, 0x0000000746800000, 0x0000000746a00000|  0%| F|  |TAMS 0x0000000746800000| PB 0x0000000746800000| Untracked 
|  35|0x0000000746a00000, 0x0000000746a00000, 0x0000000746c00000|  0%| F|  |TAMS 0x0000000746a00000| PB 0x0000000746a00000| Untracked 
|  36|0x0000000746c00000, 0x0000000746c00000, 0x0000000746e00000|  0%| F|  |TAMS 0x0000000746c00000| PB 0x0000000746c00000| Untracked 
|  37|0x0000000746e00000, 0x0000000746e00000, 0x0000000747000000|  0%| F|  |TAMS 0x0000000746e00000| PB 0x0000000746e00000| Untracked 
|  38|0x0000000747000000, 0x0000000747000000, 0x0000000747200000|  0%| F|  |TAMS 0x0000000747000000| PB 0x0000000747000000| Untracked 
|  39|0x0000000747200000, 0x0000000747200000, 0x0000000747400000|  0%| F|  |TAMS 0x0000000747200000| PB 0x0000000747200000| Untracked 
|  40|0x0000000747400000, 0x0000000747400000, 0x0000000747600000|  0%| F|  |TAMS 0x0000000747400000| PB 0x0000000747400000| Untracked 
|  41|0x0000000747600000, 0x0000000747600000, 0x0000000747800000|  0%| F|  |TAMS 0x0000000747600000| PB 0x0000000747600000| Untracked 
|  42|0x0000000747800000, 0x0000000747800000, 0x0000000747a00000|  0%| F|  |TAMS 0x0000000747800000| PB 0x0000000747800000| Untracked 
|  43|0x0000000747a00000, 0x0000000747a00000, 0x0000000747c00000|  0%| F|  |TAMS 0x0000000747a00000| PB 0x0000000747a00000| Untracked 
|  44|0x0000000747c00000, 0x0000000747c00000, 0x0000000747e00000|  0%| F|  |TAMS 0x0000000747c00000| PB 0x0000000747c00000| Untracked 
|  45|0x0000000747e00000, 0x0000000747e00000, 0x0000000748000000|  0%| F|  |TAMS 0x0000000747e00000| PB 0x0000000747e00000| Untracked 
|  46|0x0000000748000000, 0x0000000748000000, 0x0000000748200000|  0%| F|  |TAMS 0x0000000748000000| PB 0x0000000748000000| Untracked 
|  47|0x0000000748200000, 0x0000000748200000, 0x0000000748400000|  0%| F|  |TAMS 0x0000000748200000| PB 0x0000000748200000| Untracked 
|  48|0x0000000748400000, 0x0000000748400000, 0x0000000748600000|  0%| F|  |TAMS 0x0000000748400000| PB 0x0000000748400000| Untracked 
|  49|0x0000000748600000, 0x0000000748600000, 0x0000000748800000|  0%| F|  |TAMS 0x0000000748600000| PB 0x0000000748600000| Untracked 
|  50|0x0000000748800000, 0x0000000748800000, 0x0000000748a00000|  0%| F|  |TAMS 0x0000000748800000| PB 0x0000000748800000| Untracked 
|  51|0x0000000748a00000, 0x0000000748a00000, 0x0000000748c00000|  0%| F|  |TAMS 0x0000000748a00000| PB 0x0000000748a00000| Untracked 
|  52|0x0000000748c00000, 0x0000000748c00000, 0x0000000748e00000|  0%| F|  |TAMS 0x0000000748c00000| PB 0x0000000748c00000| Untracked 
|  53|0x0000000748e00000, 0x0000000748e00000, 0x0000000749000000|  0%| F|  |TAMS 0x0000000748e00000| PB 0x0000000748e00000| Untracked 
|  54|0x0000000749000000, 0x0000000749000000, 0x0000000749200000|  0%| F|  |TAMS 0x0000000749000000| PB 0x0000000749000000| Untracked 
|  55|0x0000000749200000, 0x0000000749200000, 0x0000000749400000|  0%| F|  |TAMS 0x0000000749200000| PB 0x0000000749200000| Untracked 
|  56|0x0000000749400000, 0x0000000749400000, 0x0000000749600000|  0%| F|  |TAMS 0x0000000749400000| PB 0x0000000749400000| Untracked 
|  57|0x0000000749600000, 0x0000000749600000, 0x0000000749800000|  0%| F|  |TAMS 0x0000000749600000| PB 0x0000000749600000| Untracked 
|  58|0x0000000749800000, 0x0000000749800000, 0x0000000749a00000|  0%| F|  |TAMS 0x0000000749800000| PB 0x0000000749800000| Untracked 
|  59|0x0000000749a00000, 0x0000000749a00000, 0x0000000749c00000|  0%| F|  |TAMS 0x0000000749a00000| PB 0x0000000749a00000| Untracked 
|  60|0x0000000749c00000, 0x0000000749c00000, 0x0000000749e00000|  0%| F|  |TAMS 0x0000000749c00000| PB 0x0000000749c00000| Untracked 
|  61|0x0000000749e00000, 0x0000000749e00000, 0x000000074a000000|  0%| F|  |TAMS 0x0000000749e00000| PB 0x0000000749e00000| Untracked 
|  62|0x000000074a000000, 0x000000074a000000, 0x000000074a200000|  0%| F|  |TAMS 0x000000074a000000| PB 0x000000074a000000| Untracked 
|  63|0x000000074a200000, 0x000000074a200000, 0x000000074a400000|  0%| F|  |TAMS 0x000000074a200000| PB 0x000000074a200000| Untracked 
|  64|0x000000074a400000, 0x000000074a400000, 0x000000074a600000|  0%| F|  |TAMS 0x000000074a400000| PB 0x000000074a400000| Untracked 
|  65|0x000000074a600000, 0x000000074a600000, 0x000000074a800000|  0%| F|  |TAMS 0x000000074a600000| PB 0x000000074a600000| Untracked 
|  66|0x000000074a800000, 0x000000074a800000, 0x000000074aa00000|  0%| F|  |TAMS 0x000000074a800000| PB 0x000000074a800000| Untracked 
|  67|0x000000074aa00000, 0x000000074aa00000, 0x000000074ac00000|  0%| F|  |TAMS 0x000000074aa00000| PB 0x000000074aa00000| Untracked 
|  68|0x000000074ac00000, 0x000000074ac00000, 0x000000074ae00000|  0%| F|  |TAMS 0x000000074ac00000| PB 0x000000074ac00000| Untracked 
|  69|0x000000074ae00000, 0x000000074ae00000, 0x000000074b000000|  0%| F|  |TAMS 0x000000074ae00000| PB 0x000000074ae00000| Untracked 
|  70|0x000000074b000000, 0x000000074b000000, 0x000000074b200000|  0%| F|  |TAMS 0x000000074b000000| PB 0x000000074b000000| Untracked 
|  71|0x000000074b200000, 0x000000074b200000, 0x000000074b400000|  0%| F|  |TAMS 0x000000074b200000| PB 0x000000074b200000| Untracked 
|  72|0x000000074b400000, 0x000000074b400000, 0x000000074b600000|  0%| F|  |TAMS 0x000000074b400000| PB 0x000000074b400000| Untracked 
|  73|0x000000074b600000, 0x000000074b600000, 0x000000074b800000|  0%| F|  |TAMS 0x000000074b600000| PB 0x000000074b600000| Untracked 
|  74|0x000000074b800000, 0x000000074b800000, 0x000000074ba00000|  0%| F|  |TAMS 0x000000074b800000| PB 0x000000074b800000| Untracked 
|  75|0x000000074ba00000, 0x000000074ba00000, 0x000000074bc00000|  0%| F|  |TAMS 0x000000074ba00000| PB 0x000000074ba00000| Untracked 
|  76|0x000000074bc00000, 0x000000074bc00000, 0x000000074be00000|  0%| F|  |TAMS 0x000000074bc00000| PB 0x000000074bc00000| Untracked 
|  77|0x000000074be00000, 0x000000074be00000, 0x000000074c000000|  0%| F|  |TAMS 0x000000074be00000| PB 0x000000074be00000| Untracked 
|  78|0x000000074c000000, 0x000000074c000000, 0x000000074c200000|  0%| F|  |TAMS 0x000000074c000000| PB 0x000000074c000000| Untracked 
|  79|0x000000074c200000, 0x000000074c200000, 0x000000074c400000|  0%| F|  |TAMS 0x000000074c200000| PB 0x000000074c200000| Untracked 
|  80|0x000000074c400000, 0x000000074c400000, 0x000000074c600000|  0%| F|  |TAMS 0x000000074c400000| PB 0x000000074c400000| Untracked 
|  81|0x000000074c600000, 0x000000074c600000, 0x000000074c800000|  0%| F|  |TAMS 0x000000074c600000| PB 0x000000074c600000| Untracked 
|  82|0x000000074c800000, 0x000000074c800000, 0x000000074ca00000|  0%| F|  |TAMS 0x000000074c800000| PB 0x000000074c800000| Untracked 
|  83|0x000000074ca00000, 0x000000074ca00000, 0x000000074cc00000|  0%| F|  |TAMS 0x000000074ca00000| PB 0x000000074ca00000| Untracked 
|  84|0x000000074cc00000, 0x000000074cc00000, 0x000000074ce00000|  0%| F|  |TAMS 0x000000074cc00000| PB 0x000000074cc00000| Untracked 
|  85|0x000000074ce00000, 0x000000074ce00000, 0x000000074d000000|  0%| F|  |TAMS 0x000000074ce00000| PB 0x000000074ce00000| Untracked 
|  86|0x000000074d000000, 0x000000074d000000, 0x000000074d200000|  0%| F|  |TAMS 0x000000074d000000| PB 0x000000074d000000| Untracked 
|  87|0x000000074d200000, 0x000000074d200000, 0x000000074d400000|  0%| F|  |TAMS 0x000000074d200000| PB 0x000000074d200000| Untracked 
|  88|0x000000074d400000, 0x000000074d400000, 0x000000074d600000|  0%| F|  |TAMS 0x000000074d400000| PB 0x000000074d400000| Untracked 
|  89|0x000000074d600000, 0x000000074d600000, 0x000000074d800000|  0%| F|  |TAMS 0x000000074d600000| PB 0x000000074d600000| Untracked 
|  90|0x000000074d800000, 0x000000074d800000, 0x000000074da00000|  0%| F|  |TAMS 0x000000074d800000| PB 0x000000074d800000| Untracked 
|  91|0x000000074da00000, 0x000000074da00000, 0x000000074dc00000|  0%| F|  |TAMS 0x000000074da00000| PB 0x000000074da00000| Untracked 
|  92|0x000000074dc00000, 0x000000074dc00000, 0x000000074de00000|  0%| F|  |TAMS 0x000000074dc00000| PB 0x000000074dc00000| Untracked 
|  93|0x000000074de00000, 0x000000074dee1cb0, 0x000000074e000000| 44%| E|  |TAMS 0x000000074de00000| PB 0x000000074de00000| Complete 
|  94|0x000000074e000000, 0x000000074e200000, 0x000000074e200000|100%| E|CS|TAMS 0x000000074e000000| PB 0x000000074e000000| Complete 

Card table byte_map: [0x0000022eba1d0000,0x0000022eba7c0000] _byte_map_base: 0x0000022eb67be000

Marking Bits: (CMBitMap*) 0x0000022ea2838740
 Bits: [0x0000022ebadb0000, 0x0000022ebdd20000)

Polling page: 0x0000022ea0790000

Metaspace:

Usage:
  Non-class:    909.36 KB used.
      Class:     92.54 KB used.
       Both:   1001.90 KB used.

Virtual space:
  Non-class space:       64.00 MB reserved,     960.00 KB (  1%) committed,  1 nodes.
      Class space:        1.00 GB reserved,     192.00 KB ( <1%) committed,  1 nodes.
             Both:        1.06 GB reserved,       1.12 MB ( <1%) committed. 

Chunk freelists:
   Non-Class:  3.98 MB
       Class:  3.74 MB
        Both:  7.72 MB

MaxMetaspaceSize: unlimited
CompressedClassSpaceSize: 1.00 GB
Initial GC threshold: 21.00 MB
Current GC threshold: 21.00 MB
CDS: on
MetaspaceReclaimPolicy: balanced
 - commit_granule_bytes: 65536.
 - commit_granule_words: 8192.
 - virtual_space_node_default_size: 8388608.
 - enlarge_chunks_in_place: 1.
 - new_chunks_are_fully_committed: 0.
 - uncommit_free_chunks: 1.
 - use_allocation_guard: 0.


Internal statistics:

num_allocs_failed_limit: 0.
num_arena_births: 8.
num_arena_deaths: 0.
num_vsnodes_births: 2.
num_vsnodes_deaths: 0.
num_space_committed: 18.
num_space_uncommitted: 0.
num_chunks_returned_to_freelist: 0.
num_chunks_taken_from_freelist: 9.
num_chunk_merges: 0.
num_chunk_splits: 4.
num_chunks_enlarged: 3.
num_inconsistent_stats: 0.

CodeHeap 'non-profiled nmethods': size=120000Kb used=36Kb max_used=36Kb free=119963Kb
 bounds [0x0000022eb2370000, 0x0000022eb25e0000, 0x0000022eb98a0000]
CodeHeap 'profiled nmethods': size=120000Kb used=142Kb max_used=142Kb free=119858Kb
 bounds [0x0000022eaa8a0000, 0x0000022eaab10000, 0x0000022eb1dd0000]
CodeHeap 'non-nmethods': size=5760Kb used=1342Kb max_used=1352Kb free=4417Kb
 bounds [0x0000022eb1dd0000, 0x0000022eb2040000, 0x0000022eb2370000]
 total_blobs=525 nmethods=128 adapters=308
 compilation: enabled
              stopped_count=0, restarted_count=0
 full_count=0

Compilation events (20 events):
Event: 1.943 Thread 0x0000022ec073fad0  110   !   3       jdk.internal.misc.ScopedMemoryAccess::getByteInternal (34 bytes)
Event: 1.944 Thread 0x0000022ec073fad0 nmethod 110 0x0000022eaa8c1810 code [0x0000022eaa8c19c0, 0x0000022eaa8c1c28]
Event: 1.944 Thread 0x0000022ec073fad0  112       1       java.nio.Buffer::limit (5 bytes)
Event: 1.944 Thread 0x0000022ec073fad0 nmethod 112 0x0000022eb2376e10 code [0x0000022eb2376f80, 0x0000022eb2377048]
Event: 1.944 Thread 0x0000022ec073fad0  114       3       java.lang.String::getBytes (44 bytes)
Event: 1.944 Thread 0x0000022ec073fad0 nmethod 114 0x0000022eaa8c1d90 code [0x0000022eaa8c1f40, 0x0000022eaa8c2250]
Event: 1.945 Thread 0x0000022ec073fad0  116       1       java.lang.module.ModuleDescriptor::isOpen (5 bytes)
Event: 1.945 Thread 0x0000022ec073fad0 nmethod 116 0x0000022eb2377410 code [0x0000022eb2377580, 0x0000022eb2377650]
Event: 1.945 Thread 0x0000022ec073fad0  119       1       java.lang.invoke.MethodType::returnType (5 bytes)
Event: 1.945 Thread 0x0000022ec073fad0 nmethod 119 0x0000022eb2377d10 code [0x0000022eb2377e80, 0x0000022eb2377f50]
Event: 1.946 Thread 0x0000022ec073fad0  120       1       java.lang.AbstractStringBuilder::length (5 bytes)
Event: 1.946 Thread 0x0000022ec073fad0 nmethod 120 0x0000022eb2378010 code [0x0000022eb2378180, 0x0000022eb2378248]
Event: 1.946 Thread 0x0000022ec073fad0  121       1       java.lang.AbstractStringBuilder::getValue (5 bytes)
Event: 1.946 Thread 0x0000022ec073fad0 nmethod 121 0x0000022eb2378310 code [0x0000022eb2378480, 0x0000022eb2378550]
Event: 1.947 Thread 0x0000022ec073fad0  123       3       java.lang.AbstractStringBuilder::putStringAt (19 bytes)
Event: 1.947 Thread 0x0000022ec073fad0 nmethod 123 0x0000022eaa8c2390 code [0x0000022eaa8c2540, 0x0000022eaa8c2818]
Event: 1.947 Thread 0x0000022ec073fad0  124       3       java.lang.AbstractStringBuilder::inflateIfNeededFor (22 bytes)
Event: 1.947 Thread 0x0000022ec073fad0 nmethod 124 0x0000022eaa8c2990 code [0x0000022eaa8c2b40, 0x0000022eaa8c2d50]
Event: 1.947 Thread 0x0000022ec073fad0  125       3       java.lang.invoke.MethodTypeForm::canonicalize (74 bytes)
Event: 1.948 Thread 0x0000022ec073fad0 nmethod 125 0x0000022eaa8c2e90 code [0x0000022eaa8c30a0, 0x0000022eaa8c3678]

GC Heap History (0 events):
No events

Dll operation events (6 events):
Event: 0.007 Loaded shared library F:\jdk\bin\java.dll
Event: 1.870 Loaded shared library F:\jdk\bin\jsvml.dll
Event: 1.921 Loaded shared library F:\jdk\bin\net.dll
Event: 1.922 Loaded shared library F:\jdk\bin\nio.dll
Event: 1.926 Loaded shared library F:\jdk\bin\zip.dll
Event: 1.933 Loaded shared library F:\jdk\bin\jimage.dll

Deoptimization events (0 events):
No events

Classes loaded (20 events):
Event: 1.944 Loading class java/awt/Toolkit$3 done
Event: 1.944 Loading class sun/awt/AWTAccessor
Event: 1.944 Loading class sun/awt/AWTAccessor done
Event: 1.944 Loading class java/awt/Toolkit$4
Event: 1.944 Loading class java/awt/Toolkit$4 done
Event: 1.947 Loading class java/util/ResourceBundle$CacheKey
Event: 1.947 Loading class java/util/ResourceBundle$CacheKey done
Event: 1.947 Loading class java/util/ResourceBundle$KeyElementReference
Event: 1.947 Loading class java/util/ResourceBundle$CacheKeyReference
Event: 1.947 Loading class java/util/ResourceBundle$CacheKeyReference done
Event: 1.947 Loading class java/util/ResourceBundle$KeyElementReference done
Event: 1.947 Loading class java/util/ResourceBundle$3
Event: 1.947 Loading class java/util/ResourceBundle$3 done
Event: 1.948 Loading class sun/security/util/SecurityConstants
Event: 1.948 Loading class sun/security/util/SecurityConstants done
Event: 1.948 Loading class java/net/NetPermission
Event: 1.948 Loading class java/net/NetPermission done
Event: 1.948 Loading class java/security/SecurityPermission
Event: 1.948 Loading class java/security/SecurityPermission done
Event: 1.948 Loading class java/net/SocketPermission

Classes unloaded (0 events):
No events

Classes redefined (0 events):
No events

Internal exceptions (1 events):
Event: 1.947 Thread 0x0000022ea27d8290 Exception <a 'java/lang/ClassNotFoundException'{0x000000074de7a9a0}: sun/awt/resources/spi/awtProvider> (0x000000074de7a9a0) 
thrown [s\open\src\hotspot\share\classfile\systemDictionary.cpp, line 305]

VM Operations (0 events):
No events

Events (11 events):
Event: 1.871 Thread 0x0000022ea27d8290 Thread added: 0x0000022ea27d8290
Event: 1.902 Thread 0x0000022ec07251d0 Thread added: 0x0000022ec07251d0
Event: 1.902 Thread 0x0000022ec0725fd0 Thread added: 0x0000022ec0725fd0
Event: 1.903 Thread 0x0000022ec072b030 Thread added: 0x0000022ec072b030
Event: 1.903 Thread 0x0000022ec072e2a0 Thread added: 0x0000022ec072e2a0
Event: 1.903 Thread 0x0000022ec072ed80 Thread added: 0x0000022ec072ed80
Event: 1.903 Thread 0x0000022ec07316d0 Thread added: 0x0000022ec07316d0
Event: 1.903 Thread 0x0000022ec0736fa0 Thread added: 0x0000022ec0736fa0
Event: 1.903 Thread 0x0000022ec073fad0 Thread added: 0x0000022ec073fad0
Event: 1.917 Thread 0x0000022f059caf40 Thread added: 0x0000022f059caf40
Event: 1.918 Thread 0x0000022f059d83a0 Thread added: 0x0000022f059d83a0


Dynamic libraries:
0x00007ff68f020000 - 0x00007ff68f030000 	F:\jdk\bin\java.exe
0x00007ffdca290000 - 0x00007ffdca488000 	C:\Windows\SYSTEM32\ntdll.dll
0x00007ffdc9900000 - 0x00007ffdc99bf000 	C:\Windows\System32\KERNEL32.DLL
0x00007ffdc7f50000 - 0x00007ffdc8246000 	C:\Windows\System32\KERNELBASE.dll
0x00007ffdc7e50000 - 0x00007ffdc7f50000 	C:\Windows\System32\ucrtbase.dll
0x00007ffd7d2b0000 - 0x00007ffd7d2cb000 	F:\jdk\bin\VCRUNTIME140.dll
0x00007ffda24f0000 - 0x00007ffda2509000 	F:\jdk\bin\jli.dll
0x00007ffdc8bf0000 - 0x00007ffdc8c9f000 	C:\Windows\System32\ADVAPI32.dll
0x00007ffdc8dd0000 - 0x00007ffdc8e6e000 	C:\Windows\System32\msvcrt.dll
0x00007ffdc8e70000 - 0x00007ffdc8f0c000 	C:\Windows\System32\sechost.dll
0x00007ffdc8a90000 - 0x00007ffdc8bb6000 	C:\Windows\System32\RPCRT4.dll
0x00007ffdc8350000 - 0x00007ffdc84ed000 	C:\Windows\System32\USER32.dll
0x00007ffdc7c20000 - 0x00007ffdc7c42000 	C:\Windows\System32\win32u.dll
0x00007ffdaef50000 - 0x00007ffdaf1ea000 	C:\Windows\WinSxS\amd64_microsoft.windows.common-controls_6595b64144ccf1df_6.0.19041.1110_none_60b5254171f9507e\COMCTL32.dll
0x00007ffdc8bc0000 - 0x00007ffdc8bec000 	C:\Windows\System32\GDI32.dll
0x00007ffdc7c80000 - 0x00007ffdc7d95000 	C:\Windows\System32\gdi32full.dll
0x00007ffdc8250000 - 0x00007ffdc82ed000 	C:\Windows\System32\msvcp_win.dll
0x00007ffdc1c90000 - 0x00007ffdc1c9a000 	C:\Windows\SYSTEM32\VERSION.dll
0x00007ffdca110000 - 0x00007ffdca140000 	C:\Windows\System32\IMM32.DLL
0x00007ffd7d250000 - 0x00007ffd7d25c000 	F:\jdk\bin\vcruntime140_1.dll
0x00007ffd7ce40000 - 0x00007ffd7cece000 	F:\jdk\bin\msvcp140.dll
0x00007ffd69050000 - 0x00007ffd69ce7000 	F:\jdk\bin\server\jvm.dll
0x00007ffdbb5c0000 - 0x00007ffdbb5e7000 	C:\Windows\SYSTEM32\WINMM.dll
0x00007ffd7d5a0000 - 0x00007ffd7d5a9000 	C:\Windows\SYSTEM32\WSOCK32.dll
0x00007ffdc9830000 - 0x00007ffdc989b000 	C:\Windows\System32\WS2_32.dll
0x00007ffdc61c0000 - 0x00007ffdc61d2000 	C:\Windows\SYSTEM32\kernel.appcore.dll
0x00007ffd7d1d0000 - 0x00007ffd7d1da000 	F:\jdk\bin\jimage.dll
0x00007ffdc5620000 - 0x00007ffdc5804000 	C:\Windows\SYSTEM32\DBGHELP.DLL
0x00007ffdbfad0000 - 0x00007ffdbfb04000 	C:\Windows\SYSTEM32\dbgcore.DLL
0x00007ffdc7b90000 - 0x00007ffdc7c12000 	C:\Windows\System32\bcryptPrimitives.dll
0x00007ffd7d1e0000 - 0x00007ffd7d206000 	F:\jdk\bin\java.dll
0x00007ffd7d0f0000 - 0x00007ffd7d1c7000 	F:\jdk\bin\jsvml.dll
0x00007ffdc99c0000 - 0x00007ffdca104000 	C:\Windows\System32\SHELL32.dll
0x00007ffdc5a10000 - 0x00007ffdc61a3000 	C:\Windows\SYSTEM32\windows.storage.dll
0x00007ffdc94d0000 - 0x00007ffdc9824000 	C:\Windows\System32\combase.dll
0x00007ffdc7380000 - 0x00007ffdc73ae000 	C:\Windows\SYSTEM32\Wldp.dll
0x00007ffdca1a0000 - 0x00007ffdca24d000 	C:\Windows\System32\SHCORE.dll
0x00007ffdc82f0000 - 0x00007ffdc8345000 	C:\Windows\System32\shlwapi.dll
0x00007ffdc78b0000 - 0x00007ffdc78cf000 	C:\Windows\SYSTEM32\profapi.dll
0x00007ffd7d0d0000 - 0x00007ffd7d0e3000 	F:\jdk\bin\net.dll
0x00007ffdbf9c0000 - 0x00007ffdbfaca000 	C:\Windows\SYSTEM32\WINHTTP.dll
0x00007ffdc70c0000 - 0x00007ffdc712a000 	C:\Windows\system32\mswsock.dll
0x00007ffd7d0b0000 - 0x00007ffd7d0c6000 	F:\jdk\bin\nio.dll
0x00007ffd7d090000 - 0x00007ffd7d0a8000 	F:\jdk\bin\zip.dll

dbghelp: loaded successfully - version: 4.0.5 - missing functions: none
symbol engine: initialized successfully - sym options: 0x614 - pdb path: .;F:\jdk\bin;C:\Windows\SYSTEM32;C:\Windows\WinSxS\amd64_microsoft.windows.common-controls_6595b64144ccf1df_6.0.19041.1110_none_60b5254171f9507e;F:\jdk\bin\server

VM Arguments:
jvm_args: -Dfile.encoding=UTF-8 
java_command: travel.management.system.BookPackage
java_class_path (initial): C:\Users\User\Downloads\mysql-connector-java-8.0.28.jar;C:\Users\User\Downloads\rs2xml.jar;C:\Users\User\Documents\NetBeansProjects\Travel-and-Toursim-Management-System-master\Travel Management System\build\classes
Launcher Type: SUN_STANDARD

[Global flags]
     intx CICompilerCount                          = 4                                         {product} {ergonomic}
     uint ConcGCThreads                            = 2                                         {product} {ergonomic}
     uint G1ConcRefinementThreads                  = 8                                         {product} {ergonomic}
   size_t G1HeapRegionSize                         = 2097152                                   {product} {ergonomic}
    uintx GCDrainStackTargetSize                   = 64                                        {product} {ergonomic}
   size_t InitialHeapSize                          = 199229440                                 {product} {ergonomic}
   size_t MarkStackSize                            = 4194304                                   {product} {ergonomic}
   size_t MaxHeapSize                              = 3183476736                                {product} {ergonomic}
   size_t MaxNewSize                               = 1908408320                                {product} {ergonomic}
   size_t MinHeapDeltaBytes                        = 2097152                                   {product} {ergonomic}
   size_t MinHeapSize                              = 8388608                                   {product} {ergonomic}
    uintx NonNMethodCodeHeapSize                   = 5839372                                {pd product} {ergonomic}
    uintx NonProfiledCodeHeapSize                  = 122909434                              {pd product} {ergonomic}
    uintx ProfiledCodeHeapSize                     = 122909434                              {pd product} {ergonomic}
    uintx ReservedCodeCacheSize                    = 251658240                              {pd product} {ergonomic}
     bool SegmentedCodeCache                       = true                                      {product} {ergonomic}
   size_t SoftMaxHeapSize                          = 3183476736                             {manageable} {ergonomic}
     bool UseCompressedClassPointers               = true                           {product lp64_product} {ergonomic}
     bool UseCompressedOops                        = true                           {product lp64_product} {ergonomic}
     bool UseG1GC                                  = true                                      {product} {ergonomic}
     bool UseLargePagesIndividualAllocation        = false                                  {pd product} {ergonomic}

Logging:
Log output configuration:
 #0: stdout all=warning uptime,level,tags foldmultilines=false
 #1: stderr all=off uptime,level,tags foldmultilines=false

Environment Variables:
PATH=C:\Program Files\Common Files\Oracle\Java\javapath;C:\Windows\system32;C:\Windows;C:\Windows\System32\Wbem;C:\Windows\System32\WindowsPowerShell\v1.0\;C:\Windows\System32\OpenSSH\;C:\Program Files (x86)\NVIDIA Corporation\PhysX\Common;C:\Program Files\NVIDIA Corporation\NVIDIA NvDLISR;C:\Program Files\Intel\WiFi\bin\;C:\Program Files\Common Files\Intel\WirelessCommon\;F:\xaamp\php;C:\xampp\php;C:\Users\User\AppData\Local\Microsoft\WindowsApps;;C:\Users\User\AppData\Local\Programs\Microsoft VS Code\bin
USERNAME=User
OS=Windows_NT
PROCESSOR_IDENTIFIER=Intel64 Family 6 Model 142 Stepping 11, GenuineIntel
TMP=C:\Users\User\AppData\Local\Temp
TEMP=C:\Users\User\AppData\Local\Temp




---------------  S Y S T E M  ---------------

OS:
 Windows 10 , 64 bit Build 19041 (10.0.19041.2913)
OS uptime: 9 days 2:57 hours

CPU: total 8 (initial active 8) (4 cores per cpu, 2 threads per core) family 6 model 142 stepping 11 microcode 0xb8, cx8, cmov, fxsr, ht, mmx, 3dnowpref, sse, sse2, sse3, ssse3, sse4.1, sse4.2, popcnt, lzcnt, tsc, tscinvbit, avx, avx2, aes, erms, clmul, bmi1, bmi2, adx, fma, vzeroupper, clflush, clflushopt, rdtscp, f16c

Memory: 4k page, system-wide physical 12139M (3223M free)
TotalPageFile size 26419M (AvailPageFile size 1M)
current process WorkingSet (physical memory assigned to process): 36M, peak: 36M
current process commit charge ("private bytes"): 272M, peak: 273M

vm_info: Java HotSpot(TM) 64-Bit Server VM (20.0.1+9-29) for windows-amd64 JRE (20.0.1+9-29), built on 2023-03-07T13:56:11Z by "mach5one" with MS VC++ 17.1 (VS2022)

END.
