#
# There is insufficient memory for the Java Runtime Environment to continue.
# Native memory allocation (mmap) failed to map 199229440 bytes for G1 virtual space
# Possible reasons:
#   The system is out of physical RAM or swap space
#   The process is running with CompressedOops enabled, and the Java Heap may be blocking the growth of the native heap
# Possible solutions:
#   Reduce memory load on the system
#   Increase physical memory or swap space
#   Check if swap backing store is full
#   Decrease Java heap size (-Xmx/-Xms)
#   Decrease number of Java threads
#   Decrease Java thread stack sizes (-Xss)
#   Set larger code cache with -XX:ReservedCodeCacheSize=
#   JVM is running with Zero Based Compressed Oops mode in which the Java heap is
#     placed in the first 32GB address space. The Java Heap base address is the
#     maximum limit for the native heap growth. Please use -XX:HeapBaseMinAddress
#     to set the Java Heap base and to place the Java Heap above 32GB virtual address.
# This output file may be truncated or incomplete.
#
#  Out of Memory Error (os_windows.cpp:3528), pid=22852, tid=17640
#
# JRE version:  (20.0.1+9) (build )
# Java VM: Java HotSpot(TM) 64-Bit Server VM (20.0.1+9-29, mixed mode, sharing, tiered, compressed oops, compressed class ptrs, g1 gc, windows-amd64)
# No core dump will be written. Minidumps are not enabled by default on client versions of Windows
#

---------------  S U M M A R Y ------------

Command Line: -Dfile.encoding=UTF-8 travel.management.system.CheckPackage

Host: Intel(R) Core(TM) i5-8265U CPU @ 1.60GHz, 8 cores, 11G,  Windows 10 , 64 bit Build 19041 (10.0.19041.2913)
Time: Sun Jun 11 00:59:59 2023 Bangladesh Standard Time elapsed time: 0.012059 seconds (0d 0h 0m 0s)

---------------  T H R E A D  ---------------

Current thread (0x0000021b0f228e90):  JavaThread "Unknown thread" [_thread_in_vm, id=17640, stack(0x000000fc89800000,0x000000fc89900000)]

Stack: [0x000000fc89800000,0x000000fc89900000]
Native frames: (J=compiled Java code, j=interpreted, Vv=VM code, C=native code)
V  [jvm.dll+0x6bb95a]
V  [jvm.dll+0x8485fa]
V  [jvm.dll+0x84a1f5]
V  [jvm.dll+0x84a8f3]
V  [jvm.dll+0x280b0f]
V  [jvm.dll+0x6b86e9]
V  [jvm.dll+0x6ad2da]
V  [jvm.dll+0x35adf5]
V  [jvm.dll+0x363016]
V  [jvm.dll+0x3b3b3e]
V  [jvm.dll+0x3b3dc5]
V  [jvm.dll+0x32b50a]
V  [jvm.dll+0x32c32b]
V  [jvm.dll+0x8112bf]
V  [jvm.dll+0x3c0d91]
V  [jvm.dll+0x7fcfe3]
V  [jvm.dll+0x44c76f]
V  [jvm.dll+0x44e0e1]
C  [jli.dll+0x5287]
C  [ucrtbase.dll+0x21bb2]
C  [KERNEL32.DLL+0x17614]
C  [ntdll.dll+0x526a1]


---------------  P R O C E S S  ---------------

Threads class SMR info:
_java_thread_list=0x00007ff99859a098, length=0, elements={
}

Java Threads: ( => current thread )

Other Threads:
  0x0000021b0f285350 WorkerThread "GC Thread#0" [stack: 0x000000fc89900000,0x000000fc89a00000] [id=26216]
  0x0000021b0f293430 ConcurrentGCThread "G1 Main Marker" [stack: 0x000000fc89a00000,0x000000fc89b00000] [id=11216]
  0x0000021b0f294000 WorkerThread "G1 Conc#0" [stack: 0x000000fc89b00000,0x000000fc89c00000] [id=17908]

[error occurred during error reporting (printing all threads), id 0xc0000005, EXCEPTION_ACCESS_VIOLATION (0xc0000005) at pc=0x00007ff997d7eb47]
VM state: not at safepoint (not fully initialized)

VM Mutex/Monitor currently owned by a thread:  ([mutex/lock_event])
[0x0000021b0f2249a0] Heap_lock - owner thread: 0x0000021b0f228e90

Heap address: 0x0000000742400000, size: 3036 MB, Compressed Oops mode: Zero based, Oop shift amount: 3

CDS archive(s) mapped at: [0x0000000000000000-0x0000000000000000-0x0000000000000000), size 0, SharedBaseAddress: 0x0000000800000000, ArchiveRelocationMode: 0.
Narrow klass base: 0x0000000000000000, Narrow klass shift: 0, Narrow klass range: 0x0

GC Precious Log:
 CardTable entry size: 512
 Card Set container configuration: InlinePtr #cards 4 size 8 Array Of Cards #cards 16 size 48 Howl #buckets 8 coarsen threshold 3686 Howl Bitmap #cards 512 size 80 coarsen threshold 460 Card regions per heap region 1 cards per card region 4096

Heap:
 garbage-first heap   total 0K, used 0K [0x0000000742400000, 0x0000000800000000)
  region size 2048K, 0 young (0K), 0 survivors (0K)

[error occurred during error reporting (printing heap information), id 0xc0000005, EXCEPTION_ACCESS_VIOLATION (0xc0000005) at pc=0x00007ff998153c59]
GC Heap History (0 events):
No events

Dll operation events (1 events):
Event: 0.007 Loaded shared library F:\jdk\bin\java.dll

Deoptimization events (0 events):
No events

Classes loaded (0 events):
No events

Classes unloaded (0 events):
No events

Classes redefined (0 events):
No events

Internal exceptions (0 events):
No events

VM Operations (0 events):
No events

Events (0 events):
No events


Dynamic libraries:
0x00007ff659210000 - 0x00007ff659220000 	F:\jdk\bin\java.exe
0x00007ff9e4550000 - 0x00007ff9e4748000 	C:\Windows\SYSTEM32\ntdll.dll
0x00007ff9e3d70000 - 0x00007ff9e3e2f000 	C:\Windows\System32\KERNEL32.DLL
0x00007ff9e1c30000 - 0x00007ff9e1f26000 	C:\Windows\System32\KERNELBASE.dll
0x00007ff9e1f30000 - 0x00007ff9e2030000 	C:\Windows\System32\ucrtbase.dll
0x00007ff9d5900000 - 0x00007ff9d5919000 	F:\jdk\bin\jli.dll
0x00007ff9afc50000 - 0x00007ff9afc6b000 	F:\jdk\bin\VCRUNTIME140.dll
0x00007ff9e4040000 - 0x00007ff9e40ef000 	C:\Windows\System32\ADVAPI32.dll
0x00007ff9e2d30000 - 0x00007ff9e2dce000 	C:\Windows\System32\msvcrt.dll
0x00007ff9e4400000 - 0x00007ff9e449c000 	C:\Windows\System32\sechost.dll
0x00007ff9e42d0000 - 0x00007ff9e43f6000 	C:\Windows\System32\RPCRT4.dll
0x00007ff9e32e0000 - 0x00007ff9e347d000 	C:\Windows\System32\USER32.dll
0x00007ff9e2580000 - 0x00007ff9e25a2000 	C:\Windows\System32\win32u.dll
0x00007ff9cba00000 - 0x00007ff9cbc9a000 	C:\Windows\WinSxS\amd64_microsoft.windows.common-controls_6595b64144ccf1df_6.0.19041.1110_none_60b5254171f9507e\COMCTL32.dll
0x00007ff9e40f0000 - 0x00007ff9e411c000 	C:\Windows\System32\GDI32.dll
0x00007ff9e2300000 - 0x00007ff9e2415000 	C:\Windows\System32\gdi32full.dll
0x00007ff9e2030000 - 0x00007ff9e20cd000 	C:\Windows\System32\msvcp_win.dll
0x00007ff9dc0d0000 - 0x00007ff9dc0da000 	C:\Windows\SYSTEM32\VERSION.dll
0x00007ff9e32b0000 - 0x00007ff9e32e0000 	C:\Windows\System32\IMM32.DLL
0x00007ff9dd490000 - 0x00007ff9dd49c000 	F:\jdk\bin\vcruntime140_1.dll
0x00007ff9aea60000 - 0x00007ff9aeaee000 	F:\jdk\bin\msvcp140.dll
0x00007ff997a40000 - 0x00007ff9986d7000 	F:\jdk\bin\server\jvm.dll
0x00007ff9cebb0000 - 0x00007ff9cebd7000 	C:\Windows\SYSTEM32\WINMM.dll
0x00007ff9dd4a0000 - 0x00007ff9dd4a9000 	C:\Windows\SYSTEM32\WSOCK32.dll
0x00007ff9e3c30000 - 0x00007ff9e3c9b000 	C:\Windows\System32\WS2_32.dll
0x00007ff9e0480000 - 0x00007ff9e0492000 	C:\Windows\SYSTEM32\kernel.appcore.dll
0x00007ff9dd480000 - 0x00007ff9dd48a000 	F:\jdk\bin\jimage.dll
0x00007ff9df8e0000 - 0x00007ff9dfac4000 	C:\Windows\SYSTEM32\DBGHELP.DLL
0x00007ff9c45f0000 - 0x00007ff9c4624000 	C:\Windows\SYSTEM32\dbgcore.DLL
0x00007ff9e2200000 - 0x00007ff9e2282000 	C:\Windows\System32\bcryptPrimitives.dll
0x00007ff9ae890000 - 0x00007ff9ae8b6000 	F:\jdk\bin\java.dll

dbghelp: loaded successfully - version: 4.0.5 - missing functions: none
symbol engine: initialized successfully - sym options: 0x614 - pdb path: .;F:\jdk\bin;C:\Windows\SYSTEM32;C:\Windows\WinSxS\amd64_microsoft.windows.common-controls_6595b64144ccf1df_6.0.19041.1110_none_60b5254171f9507e;F:\jdk\bin\server

VM Arguments:
jvm_args: -Dfile.encoding=UTF-8 
java_command: travel.management.system.CheckPackage
java_class_path (initial): C:\Users\User\Downloads\mysql-connector-java-8.0.28.jar;C:\Users\User\Downloads\rs2xml.jar;C:\Users\User\Documents\NetBeansProjects\Travel-and-Toursim-Management-System-master\Travel Management System\build\classes
Launcher Type: SUN_STANDARD

[Global flags]
     intx CICompilerCount                          = 4                                         {product} {ergonomic}
     uint ConcGCThreads                            = 2                                         {product} {ergonomic}
     uint G1ConcRefinementThreads                  = 8                                         {product} {ergonomic}
   size_t G1HeapRegionSize                         = 2097152                                   {product} {ergonomic}
    uintx GCDrainStackTargetSize                   = 64                                        {product} {ergonomic}
   size_t InitialHeapSize                          = 199229440                                 {product} {ergonomic}
   size_t MarkStackSize                            = 4194304                                   {product} {ergonomic}
   size_t MaxHeapSize                              = 3183476736                                {product} {ergonomic}
   size_t MinHeapDeltaBytes                        = 2097152                                   {product} {ergonomic}
   size_t MinHeapSize                              = 8388608                                   {product} {ergonomic}
    uintx NonNMethodCodeHeapSize                   = 5839372                                {pd product} {ergonomic}
    uintx NonProfiledCodeHeapSize                  = 122909434                              {pd product} {ergonomic}
    uintx ProfiledCodeHeapSize                     = 122909434                              {pd product} {ergonomic}
    uintx ReservedCodeCacheSize                    = 251658240                              {pd product} {ergonomic}
     bool SegmentedCodeCache                       = true                                      {product} {ergonomic}
   size_t SoftMaxHeapSize                          = 3183476736                             {manageable} {ergonomic}
     bool UseCompressedClassPointers               = true                           {product lp64_product} {ergonomic}
     bool UseCompressedOops                        = true                           {product lp64_product} {ergonomic}
     bool UseG1GC                                  = true                                      {product} {ergonomic}
     bool UseLargePagesIndividualAllocation        = false                                  {pd product} {ergonomic}

Logging:
Log output configuration:
 #0: stdout all=warning uptime,level,tags foldmultilines=false
 #1: stderr all=off uptime,level,tags foldmultilines=false

Environment Variables:
PATH=C:\Program Files\Common Files\Oracle\Java\javapath;C:\Windows\system32;C:\Windows;C:\Windows\System32\Wbem;C:\Windows\System32\WindowsPowerShell\v1.0\;C:\Windows\System32\OpenSSH\;C:\Program Files (x86)\NVIDIA Corporation\PhysX\Common;C:\Program Files\NVIDIA Corporation\NVIDIA NvDLISR;C:\Program Files\Intel\WiFi\bin\;C:\Program Files\Common Files\Intel\WirelessCommon\;F:\xaamp\php;C:\xampp\php;C:\Users\User\AppData\Local\Microsoft\WindowsApps;;C:\Users\User\AppData\Local\Programs\Microsoft VS Code\bin
USERNAME=User
OS=Windows_NT
PROCESSOR_IDENTIFIER=Intel64 Family 6 Model 142 Stepping 11, GenuineIntel
TMP=C:\Users\User\AppData\Local\Temp
TEMP=C:\Users\User\AppData\Local\Temp




---------------  S Y S T E M  ---------------

OS:
 Windows 10 , 64 bit Build 19041 (10.0.19041.2913)
OS uptime: 0 days 22:12 hours

CPU: total 8 (initial active 8) (4 cores per cpu, 2 threads per core) family 6 model 142 stepping 11 microcode 0xb8, cx8, cmov, fxsr, ht, mmx, 3dnowpref, sse, sse2, sse3, ssse3, sse4.1, sse4.2, popcnt, lzcnt, tsc, tscinvbit, avx, avx2, aes, erms, clmul, bmi1, bmi2, adx, fma, vzeroupper, clflush, clflushopt, rdtscp, f16c

Memory: 4k page, system-wide physical 12139M (1916M free)
TotalPageFile size 26419M (AvailPageFile size 69M)
current process WorkingSet (physical memory assigned to process): 10M, peak: 10M
current process commit charge ("private bytes"): 60M, peak: 250M

vm_info: Java HotSpot(TM) 64-Bit Server VM (20.0.1+9-29) for windows-amd64 JRE (20.0.1+9-29), built on 2023-03-07T13:56:11Z by "mach5one" with MS VC++ 17.1 (VS2022)

END.
